{"/Users/fred/work/samtools/src/color.ts": {"path":"/Users/fred/work/samtools/src/color.ts","statementMap":{"0":{"start":{"line":2,"column":0},"end":{"line":2,"column":62}},"1":{"start":{"line":3,"column":0},"end":{"line":3,"column":166}},"2":{"start":{"line":4,"column":15},"end":{"line":4,"column":32}},"3":{"start":{"line":6,"column":17},"end":{"line":6,"column":19}},"4":{"start":{"line":7,"column":4},"end":{"line":9,"column":5}},"5":{"start":{"line":7,"column":17},"end":{"line":7,"column":18}},"6":{"start":{"line":8,"column":8},"end":{"line":8,"column":23}},"7":{"start":{"line":10,"column":4},"end":{"line":10,"column":18}},"8":{"start":{"line":13,"column":17},"end":{"line":13,"column":19}},"9":{"start":{"line":14,"column":4},"end":{"line":16,"column":5}},"10":{"start":{"line":15,"column":8},"end":{"line":15,"column":42}},"11":{"start":{"line":17,"column":4},"end":{"line":17,"column":18}},"12":{"start":{"line":20,"column":14},"end":{"line":20,"column":90}},"13":{"start":{"line":20,"column":80},"end":{"line":20,"column":89}},"14":{"start":{"line":21,"column":12},"end":{"line":21,"column":19}},"15":{"start":{"line":22,"column":12},"end":{"line":22,"column":19}},"16":{"start":{"line":23,"column":12},"end":{"line":23,"column":19}},"17":{"start":{"line":24,"column":4},"end":{"line":24,"column":70}},"18":{"start":{"line":26,"column":0},"end":{"line":26,"column":28}},"19":{"start":{"line":28,"column":4},"end":{"line":37,"column":12}},"20":{"start":{"line":29,"column":21},"end":{"line":29,"column":23}},"21":{"start":{"line":30,"column":8},"end":{"line":35,"column":9}},"22":{"start":{"line":31,"column":12},"end":{"line":31,"column":75}},"23":{"start":{"line":34,"column":12},"end":{"line":34,"column":49}},"24":{"start":{"line":36,"column":8},"end":{"line":36,"column":68}},"25":{"start":{"line":39,"column":0},"end":{"line":39,"column":30}},"26":{"start":{"line":41,"column":4},"end":{"line":51,"column":5}},"27":{"start":{"line":42,"column":8},"end":{"line":43,"column":22}},"28":{"start":{"line":43,"column":12},"end":{"line":43,"column":22}},"29":{"start":{"line":44,"column":18},"end":{"line":44,"column":41}},"30":{"start":{"line":45,"column":8},"end":{"line":45,"column":58}},"31":{"start":{"line":46,"column":8},"end":{"line":46,"column":25}},"32":{"start":{"line":47,"column":8},"end":{"line":47,"column":68}},"33":{"start":{"line":50,"column":8},"end":{"line":50,"column":18}},"34":{"start":{"line":53,"column":0},"end":{"line":53,"column":28}},"35":{"start":{"line":55,"column":4},"end":{"line":56,"column":18}},"36":{"start":{"line":56,"column":8},"end":{"line":56,"column":18}},"37":{"start":{"line":57,"column":4},"end":{"line":58,"column":33}},"38":{"start":{"line":58,"column":8},"end":{"line":58,"column":33}},"39":{"start":{"line":59,"column":4},"end":{"line":60,"column":32}},"40":{"start":{"line":60,"column":8},"end":{"line":60,"column":32}},"41":{"start":{"line":61,"column":4},"end":{"line":61,"column":14}},"42":{"start":{"line":63,"column":0},"end":{"line":63,"column":18}},"43":{"start":{"line":65,"column":17},"end":{"line":65,"column":22}},"44":{"start":{"line":66,"column":4},"end":{"line":66,"column":73}},"45":{"start":{"line":67,"column":4},"end":{"line":68,"column":28}},"46":{"start":{"line":68,"column":8},"end":{"line":68,"column":28}},"47":{"start":{"line":69,"column":4},"end":{"line":69,"column":66}},"48":{"start":{"line":69,"column":45},"end":{"line":69,"column":59}},"49":{"start":{"line":71,"column":0},"end":{"line":71,"column":38}},"50":{"start":{"line":79,"column":4},"end":{"line":79,"column":49}},"51":{"start":{"line":80,"column":4},"end":{"line":82,"column":5}},"52":{"start":{"line":81,"column":8},"end":{"line":81,"column":66}},"53":{"start":{"line":83,"column":4},"end":{"line":83,"column":19}},"54":{"start":{"line":84,"column":14},"end":{"line":84,"column":17}},"55":{"start":{"line":85,"column":4},"end":{"line":89,"column":5}},"56":{"start":{"line":86,"column":8},"end":{"line":86,"column":47}},"57":{"start":{"line":87,"column":8},"end":{"line":87,"column":79}},"58":{"start":{"line":88,"column":8},"end":{"line":88,"column":43}},"59":{"start":{"line":90,"column":4},"end":{"line":90,"column":15}},"60":{"start":{"line":93,"column":14},"end":{"line":93,"column":75}},"61":{"start":{"line":94,"column":4},"end":{"line":94,"column":19}},"62":{"start":{"line":95,"column":4},"end":{"line":96,"column":56}},"63":{"start":{"line":95,"column":17},"end":{"line":95,"column":18}},"64":{"start":{"line":96,"column":8},"end":{"line":96,"column":56}},"65":{"start":{"line":97,"column":4},"end":{"line":97,"column":45}},"66":{"start":{"line":106,"column":17},"end":{"line":106,"column":20}},"67":{"start":{"line":107,"column":4},"end":{"line":109,"column":5}},"68":{"start":{"line":108,"column":8},"end":{"line":108,"column":36}},"69":{"start":{"line":110,"column":4},"end":{"line":111,"column":19}},"70":{"start":{"line":111,"column":8},"end":{"line":111,"column":19}},"71":{"start":{"line":112,"column":4},"end":{"line":112,"column":67}},"72":{"start":{"line":114,"column":0},"end":{"line":114,"column":22}},"73":{"start":{"line":116,"column":4},"end":{"line":117,"column":20}},"74":{"start":{"line":117,"column":8},"end":{"line":117,"column":20}},"75":{"start":{"line":118,"column":17},"end":{"line":118,"column":35}},"76":{"start":{"line":119,"column":4},"end":{"line":132,"column":5}},"77":{"start":{"line":120,"column":8},"end":{"line":126,"column":9}},"78":{"start":{"line":121,"column":27},"end":{"line":121,"column":30}},"79":{"start":{"line":122,"column":12},"end":{"line":124,"column":13}},"80":{"start":{"line":122,"column":25},"end":{"line":122,"column":26}},"81":{"start":{"line":123,"column":16},"end":{"line":123,"column":82}},"82":{"start":{"line":125,"column":12},"end":{"line":125,"column":30}},"83":{"start":{"line":127,"column":26},"end":{"line":127,"column":28}},"84":{"start":{"line":128,"column":8},"end":{"line":130,"column":9}},"85":{"start":{"line":128,"column":21},"end":{"line":128,"column":22}},"86":{"start":{"line":129,"column":12},"end":{"line":129,"column":70}},"87":{"start":{"line":131,"column":8},"end":{"line":131,"column":62}},"88":{"start":{"line":133,"column":4},"end":{"line":137,"column":5}},"89":{"start":{"line":134,"column":22},"end":{"line":134,"column":52}},"90":{"start":{"line":135,"column":8},"end":{"line":135,"column":50}},"91":{"start":{"line":136,"column":8},"end":{"line":136,"column":56}},"92":{"start":{"line":138,"column":4},"end":{"line":140,"column":5}},"93":{"start":{"line":139,"column":8},"end":{"line":139,"column":47}},"94":{"start":{"line":141,"column":4},"end":{"line":141,"column":18}},"95":{"start":{"line":143,"column":0},"end":{"line":143,"column":26}},"96":{"start":{"line":145,"column":19},"end":{"line":145,"column":39}},"97":{"start":{"line":146,"column":16},"end":{"line":146,"column":36}},"98":{"start":{"line":147,"column":15},"end":{"line":147,"column":64}},"99":{"start":{"line":148,"column":4},"end":{"line":149,"column":26}},"100":{"start":{"line":149,"column":8},"end":{"line":149,"column":26}},"101":{"start":{"line":150,"column":4},"end":{"line":150,"column":80}},"102":{"start":{"line":150,"column":67},"end":{"line":150,"column":72}},"103":{"start":{"line":151,"column":4},"end":{"line":151,"column":22}},"104":{"start":{"line":153,"column":0},"end":{"line":153,"column":48}}},"fnMap":{"0":{"name":"repeatWord","decl":{"start":{"line":5,"column":9},"end":{"line":5,"column":19}},"loc":{"start":{"line":5,"column":31},"end":{"line":11,"column":1}},"line":5},"1":{"name":"repeatLetter","decl":{"start":{"line":12,"column":9},"end":{"line":12,"column":21}},"loc":{"start":{"line":12,"column":33},"end":{"line":18,"column":1}},"line":12},"2":{"name":"rgbToHex","decl":{"start":{"line":19,"column":9},"end":{"line":19,"column":17}},"loc":{"start":{"line":19,"column":26},"end":{"line":25,"column":1}},"line":19},"3":{"name":"(anonymous_3)","decl":{"start":{"line":20,"column":73},"end":{"line":20,"column":74}},"loc":{"start":{"line":20,"column":80},"end":{"line":20,"column":89}},"line":20},"4":{"name":"rgbaToHex","decl":{"start":{"line":27,"column":9},"end":{"line":27,"column":18}},"loc":{"start":{"line":27,"column":27},"end":{"line":38,"column":1}},"line":27},"5":{"name":"(anonymous_5)","decl":{"start":{"line":28,"column":74},"end":{"line":28,"column":75}},"loc":{"start":{"line":28,"column":92},"end":{"line":37,"column":5}},"line":28},"6":{"name":"hexToRgb","decl":{"start":{"line":40,"column":9},"end":{"line":40,"column":17}},"loc":{"start":{"line":40,"column":26},"end":{"line":52,"column":1}},"line":40},"7":{"name":"hex","decl":{"start":{"line":54,"column":9},"end":{"line":54,"column":12}},"loc":{"start":{"line":54,"column":21},"end":{"line":62,"column":1}},"line":54},"8":{"name":"completionHex","decl":{"start":{"line":64,"column":9},"end":{"line":64,"column":22}},"loc":{"start":{"line":64,"column":30},"end":{"line":70,"column":1}},"line":64},"9":{"name":"(anonymous_9)","decl":{"start":{"line":69,"column":35},"end":{"line":69,"column":36}},"loc":{"start":{"line":69,"column":45},"end":{"line":69,"column":59}},"line":69},"10":{"name":"colorLight","decl":{"start":{"line":78,"column":9},"end":{"line":78,"column":19}},"loc":{"start":{"line":78,"column":30},"end":{"line":91,"column":1}},"line":78},"11":{"name":"colorDark","decl":{"start":{"line":92,"column":9},"end":{"line":92,"column":18}},"loc":{"start":{"line":92,"column":29},"end":{"line":98,"column":1}},"line":92},"12":{"name":"color","decl":{"start":{"line":105,"column":9},"end":{"line":105,"column":14}},"loc":{"start":{"line":105,"column":31},"end":{"line":113,"column":1}},"line":105},"13":{"name":"opacity","decl":{"start":{"line":115,"column":9},"end":{"line":115,"column":16}},"loc":{"start":{"line":115,"column":28},"end":{"line":142,"column":1}},"line":115},"14":{"name":"complementaryColor","decl":{"start":{"line":144,"column":9},"end":{"line":144,"column":27}},"loc":{"start":{"line":144,"column":34},"end":{"line":152,"column":1}},"line":144},"15":{"name":"(anonymous_15)","decl":{"start":{"line":150,"column":57},"end":{"line":150,"column":58}},"loc":{"start":{"line":150,"column":67},"end":{"line":150,"column":72}},"line":150}},"branchMap":{"0":{"loc":{"start":{"line":30,"column":8},"end":{"line":35,"column":9}},"type":"if","locations":[{"start":{"line":30,"column":8},"end":{"line":35,"column":9}},{"start":{"line":33,"column":13},"end":{"line":35,"column":9}}],"line":30},"1":{"loc":{"start":{"line":36,"column":22},"end":{"line":36,"column":65}},"type":"cond-expr","locations":[{"start":{"line":36,"column":44},"end":{"line":36,"column":56}},{"start":{"line":36,"column":59},"end":{"line":36,"column":65}}],"line":36},"2":{"loc":{"start":{"line":42,"column":8},"end":{"line":43,"column":22}},"type":"if","locations":[{"start":{"line":42,"column":8},"end":{"line":43,"column":22}},{"start":{},"end":{}}],"line":42},"3":{"loc":{"start":{"line":45,"column":14},"end":{"line":45,"column":57}},"type":"cond-expr","locations":[{"start":{"line":45,"column":31},"end":{"line":45,"column":51}},{"start":{"line":45,"column":54},"end":{"line":45,"column":57}}],"line":45},"4":{"loc":{"start":{"line":55,"column":4},"end":{"line":56,"column":18}},"type":"if","locations":[{"start":{"line":55,"column":4},"end":{"line":56,"column":18}},{"start":{},"end":{}}],"line":55},"5":{"loc":{"start":{"line":57,"column":4},"end":{"line":58,"column":33}},"type":"if","locations":[{"start":{"line":57,"column":4},"end":{"line":58,"column":33}},{"start":{},"end":{}}],"line":57},"6":{"loc":{"start":{"line":59,"column":4},"end":{"line":60,"column":32}},"type":"if","locations":[{"start":{"line":59,"column":4},"end":{"line":60,"column":32}},{"start":{},"end":{}}],"line":59},"7":{"loc":{"start":{"line":66,"column":13},"end":{"line":66,"column":72}},"type":"cond-expr","locations":[{"start":{"line":66,"column":38},"end":{"line":66,"column":63}},{"start":{"line":66,"column":66},"end":{"line":66,"column":72}}],"line":66},"8":{"loc":{"start":{"line":67,"column":4},"end":{"line":68,"column":28}},"type":"if","locations":[{"start":{"line":67,"column":4},"end":{"line":68,"column":28}},{"start":{},"end":{}}],"line":67},"9":{"loc":{"start":{"line":80,"column":4},"end":{"line":82,"column":5}},"type":"if","locations":[{"start":{"line":80,"column":4},"end":{"line":82,"column":5}},{"start":{},"end":{}}],"line":80},"10":{"loc":{"start":{"line":83,"column":10},"end":{"line":83,"column":18}},"type":"binary-expr","locations":[{"start":{"line":83,"column":10},"end":{"line":83,"column":13}},{"start":{"line":83,"column":17},"end":{"line":83,"column":18}}],"line":83},"11":{"loc":{"start":{"line":94,"column":10},"end":{"line":94,"column":18}},"type":"binary-expr","locations":[{"start":{"line":94,"column":10},"end":{"line":94,"column":13}},{"start":{"line":94,"column":17},"end":{"line":94,"column":18}}],"line":94},"12":{"loc":{"start":{"line":107,"column":4},"end":{"line":109,"column":5}},"type":"if","locations":[{"start":{"line":107,"column":4},"end":{"line":109,"column":5}},{"start":{},"end":{}}],"line":107},"13":{"loc":{"start":{"line":107,"column":8},"end":{"line":107,"column":57}},"type":"binary-expr","locations":[{"start":{"line":107,"column":8},"end":{"line":107,"column":31}},{"start":{"line":107,"column":35},"end":{"line":107,"column":57}}],"line":107},"14":{"loc":{"start":{"line":110,"column":4},"end":{"line":111,"column":19}},"type":"if","locations":[{"start":{"line":110,"column":4},"end":{"line":111,"column":19}},{"start":{},"end":{}}],"line":110},"15":{"loc":{"start":{"line":112,"column":11},"end":{"line":112,"column":66}},"type":"cond-expr","locations":[{"start":{"line":112,"column":18},"end":{"line":112,"column":40}},{"start":{"line":112,"column":43},"end":{"line":112,"column":66}}],"line":112},"16":{"loc":{"start":{"line":116,"column":4},"end":{"line":117,"column":20}},"type":"if","locations":[{"start":{"line":116,"column":4},"end":{"line":117,"column":20}},{"start":{},"end":{}}],"line":116},"17":{"loc":{"start":{"line":119,"column":4},"end":{"line":132,"column":5}},"type":"if","locations":[{"start":{"line":119,"column":4},"end":{"line":132,"column":5}},{"start":{},"end":{}}],"line":119},"18":{"loc":{"start":{"line":119,"column":8},"end":{"line":119,"column":67}},"type":"binary-expr","locations":[{"start":{"line":119,"column":8},"end":{"line":119,"column":14}},{"start":{"line":119,"column":18},"end":{"line":119,"column":67}}],"line":119},"19":{"loc":{"start":{"line":120,"column":8},"end":{"line":126,"column":9}},"type":"if","locations":[{"start":{"line":120,"column":8},"end":{"line":126,"column":9}},{"start":{},"end":{}}],"line":120},"20":{"loc":{"start":{"line":133,"column":4},"end":{"line":137,"column":5}},"type":"if","locations":[{"start":{"line":133,"column":4},"end":{"line":137,"column":5}},{"start":{},"end":{}}],"line":133},"21":{"loc":{"start":{"line":138,"column":4},"end":{"line":140,"column":5}},"type":"if","locations":[{"start":{"line":138,"column":4},"end":{"line":140,"column":5}},{"start":{},"end":{}}],"line":138},"22":{"loc":{"start":{"line":148,"column":4},"end":{"line":149,"column":26}},"type":"if","locations":[{"start":{"line":148,"column":4},"end":{"line":149,"column":26}},{"start":{},"end":{}}],"line":148}},"s":{"0":1,"1":1,"2":1,"3":0,"4":0,"5":0,"6":0,"7":0,"8":0,"9":0,"10":0,"11":0,"12":0,"13":0,"14":0,"15":0,"16":0,"17":0,"18":1,"19":0,"20":0,"21":0,"22":0,"23":0,"24":0,"25":1,"26":0,"27":0,"28":0,"29":0,"30":0,"31":0,"32":0,"33":0,"34":1,"35":0,"36":0,"37":0,"38":0,"39":0,"40":0,"41":0,"42":1,"43":0,"44":0,"45":0,"46":0,"47":0,"48":0,"49":1,"50":0,"51":0,"52":0,"53":0,"54":0,"55":0,"56":0,"57":0,"58":0,"59":0,"60":0,"61":0,"62":0,"63":0,"64":0,"65":0,"66":0,"67":0,"68":0,"69":0,"70":0,"71":0,"72":1,"73":0,"74":0,"75":0,"76":0,"77":0,"78":0,"79":0,"80":0,"81":0,"82":0,"83":0,"84":0,"85":0,"86":0,"87":0,"88":0,"89":0,"90":0,"91":0,"92":0,"93":0,"94":0,"95":1,"96":0,"97":0,"98":0,"99":0,"100":0,"101":0,"102":0,"103":0,"104":1},"f":{"0":0,"1":0,"2":0,"3":0,"4":0,"5":0,"6":0,"7":0,"8":0,"9":0,"10":0,"11":0,"12":0,"13":0,"14":0,"15":0},"b":{"0":[0,0],"1":[0,0],"2":[0,0],"3":[0,0],"4":[0,0],"5":[0,0],"6":[0,0],"7":[0,0],"8":[0,0],"9":[0,0],"10":[0,0],"11":[0,0],"12":[0,0],"13":[0,0],"14":[0,0],"15":[0,0],"16":[0,0],"17":[0,0],"18":[0,0],"19":[0,0],"20":[0,0],"21":[0,0],"22":[0,0]},"_coverageSchema":"1a1c01bbd47fc00a2c39e90264f33305004495a9","hash":"8c5fb31f168a49b9fa062c6c0fa2c1235a7229dd"}
,"/Users/fred/work/samtools/src/database.ts": {"path":"/Users/fred/work/samtools/src/database.ts","statementMap":{"0":{"start":{"line":2,"column":0},"end":{"line":2,"column":62}},"1":{"start":{"line":3,"column":0},"end":{"line":3,"column":51}},"2":{"start":{"line":4,"column":15},"end":{"line":4,"column":32}},"3":{"start":{"line":13,"column":4},"end":{"line":14,"column":27}},"4":{"start":{"line":14,"column":8},"end":{"line":14,"column":27}},"5":{"start":{"line":15,"column":15},"end":{"line":15,"column":72}},"6":{"start":{"line":16,"column":15},"end":{"line":16,"column":19}},"7":{"start":{"line":17,"column":4},"end":{"line":20,"column":5}},"8":{"start":{"line":18,"column":20},"end":{"line":18,"column":32}},"9":{"start":{"line":19,"column":8},"end":{"line":19,"column":25}},"10":{"start":{"line":21,"column":4},"end":{"line":21,"column":33}},"11":{"start":{"line":23,"column":0},"end":{"line":23,"column":18}},"12":{"start":{"line":25,"column":4},"end":{"line":26,"column":20}},"13":{"start":{"line":26,"column":8},"end":{"line":26,"column":20}},"14":{"start":{"line":27,"column":4},"end":{"line":33,"column":11}},"15":{"start":{"line":28,"column":29},"end":{"line":28,"column":30}},"16":{"start":{"line":29,"column":8},"end":{"line":31,"column":9}},"17":{"start":{"line":30,"column":12},"end":{"line":30,"column":27}},"18":{"start":{"line":32,"column":8},"end":{"line":32,"column":17}},"19":{"start":{"line":35,"column":0},"end":{"line":35,"column":20}},"20":{"start":{"line":37,"column":4},"end":{"line":38,"column":20}},"21":{"start":{"line":38,"column":8},"end":{"line":38,"column":20}},"22":{"start":{"line":39,"column":4},"end":{"line":45,"column":11}},"23":{"start":{"line":40,"column":29},"end":{"line":40,"column":30}},"24":{"start":{"line":41,"column":8},"end":{"line":43,"column":9}},"25":{"start":{"line":42,"column":12},"end":{"line":42,"column":27}},"26":{"start":{"line":44,"column":8},"end":{"line":44,"column":17}},"27":{"start":{"line":47,"column":0},"end":{"line":47,"column":20}}},"fnMap":{"0":{"name":"get","decl":{"start":{"line":12,"column":9},"end":{"line":12,"column":12}},"loc":{"start":{"line":12,"column":36},"end":{"line":22,"column":1}},"line":12},"1":{"name":"pick","decl":{"start":{"line":24,"column":9},"end":{"line":24,"column":13}},"loc":{"start":{"line":24,"column":31},"end":{"line":34,"column":1}},"line":24},"2":{"name":"(anonymous_2)","decl":{"start":{"line":27,"column":39},"end":{"line":27,"column":40}},"loc":{"start":{"line":27,"column":49},"end":{"line":33,"column":5}},"line":27},"3":{"name":"omit","decl":{"start":{"line":36,"column":9},"end":{"line":36,"column":13}},"loc":{"start":{"line":36,"column":31},"end":{"line":46,"column":1}},"line":36},"4":{"name":"(anonymous_4)","decl":{"start":{"line":39,"column":39},"end":{"line":39,"column":40}},"loc":{"start":{"line":39,"column":49},"end":{"line":45,"column":5}},"line":39}},"branchMap":{"0":{"loc":{"start":{"line":13,"column":4},"end":{"line":14,"column":27}},"type":"if","locations":[{"start":{"line":13,"column":4},"end":{"line":14,"column":27}},{"start":{},"end":{}}],"line":13},"1":{"loc":{"start":{"line":13,"column":8},"end":{"line":13,"column":20}},"type":"binary-expr","locations":[{"start":{"line":13,"column":8},"end":{"line":13,"column":11}},{"start":{"line":13,"column":15},"end":{"line":13,"column":20}}],"line":13},"2":{"loc":{"start":{"line":17,"column":11},"end":{"line":17,"column":85}},"type":"binary-expr","locations":[{"start":{"line":17,"column":11},"end":{"line":17,"column":22}},{"start":{"line":17,"column":26},"end":{"line":17,"column":51}},{"start":{"line":17,"column":55},"end":{"line":17,"column":85}}],"line":17},"3":{"loc":{"start":{"line":21,"column":12},"end":{"line":21,"column":31}},"type":"binary-expr","locations":[{"start":{"line":21,"column":12},"end":{"line":21,"column":16}},{"start":{"line":21,"column":20},"end":{"line":21,"column":31}}],"line":21},"4":{"loc":{"start":{"line":24,"column":20},"end":{"line":24,"column":29}},"type":"default-arg","locations":[{"start":{"line":24,"column":27},"end":{"line":24,"column":29}}],"line":24},"5":{"loc":{"start":{"line":25,"column":4},"end":{"line":26,"column":20}},"type":"if","locations":[{"start":{"line":25,"column":4},"end":{"line":26,"column":20}},{"start":{},"end":{}}],"line":25},"6":{"loc":{"start":{"line":25,"column":8},"end":{"line":25,"column":69}},"type":"binary-expr","locations":[{"start":{"line":25,"column":8},"end":{"line":25,"column":13}},{"start":{"line":25,"column":17},"end":{"line":25,"column":22}},{"start":{"line":25,"column":26},"end":{"line":25,"column":38}},{"start":{"line":25,"column":42},"end":{"line":25,"column":69}}],"line":25},"7":{"loc":{"start":{"line":29,"column":8},"end":{"line":31,"column":9}},"type":"if","locations":[{"start":{"line":29,"column":8},"end":{"line":31,"column":9}},{"start":{},"end":{}}],"line":29},"8":{"loc":{"start":{"line":36,"column":20},"end":{"line":36,"column":29}},"type":"default-arg","locations":[{"start":{"line":36,"column":27},"end":{"line":36,"column":29}}],"line":36},"9":{"loc":{"start":{"line":37,"column":4},"end":{"line":38,"column":20}},"type":"if","locations":[{"start":{"line":37,"column":4},"end":{"line":38,"column":20}},{"start":{},"end":{}}],"line":37},"10":{"loc":{"start":{"line":37,"column":8},"end":{"line":37,"column":69}},"type":"binary-expr","locations":[{"start":{"line":37,"column":8},"end":{"line":37,"column":13}},{"start":{"line":37,"column":17},"end":{"line":37,"column":22}},{"start":{"line":37,"column":26},"end":{"line":37,"column":38}},{"start":{"line":37,"column":42},"end":{"line":37,"column":69}}],"line":37},"11":{"loc":{"start":{"line":41,"column":8},"end":{"line":43,"column":9}},"type":"if","locations":[{"start":{"line":41,"column":8},"end":{"line":43,"column":9}},{"start":{},"end":{}}],"line":41}},"s":{"0":3,"1":3,"2":3,"3":13,"4":2,"5":11,"6":11,"7":11,"8":12,"9":12,"10":11,"11":3,"12":1,"13":0,"14":1,"15":5,"16":5,"17":3,"18":5,"19":3,"20":1,"21":0,"22":1,"23":5,"24":5,"25":2,"26":5,"27":3},"f":{"0":13,"1":1,"2":5,"3":1,"4":5},"b":{"0":[2,11],"1":[13,12],"2":[23,12,12],"3":[11,1],"4":[0],"5":[0,1],"6":[1,1,1,1],"7":[3,2],"8":[0],"9":[0,1],"10":[1,1,1,1],"11":[2,3]},"_coverageSchema":"1a1c01bbd47fc00a2c39e90264f33305004495a9","hash":"fb58b2208d1cf34a58694b2231418a36fd24d826"}
,"/Users/fred/work/samtools/src/delay.ts": {"path":"/Users/fred/work/samtools/src/delay.ts","statementMap":{"0":{"start":{"line":2,"column":0},"end":{"line":2,"column":62}},"1":{"start":{"line":3,"column":0},"end":{"line":3,"column":23}},"2":{"start":{"line":4,"column":15},"end":{"line":4,"column":32}},"3":{"start":{"line":6,"column":4},"end":{"line":21,"column":6}},"4":{"start":{"line":7,"column":21},"end":{"line":19,"column":10}},"5":{"start":{"line":8,"column":23},"end":{"line":18,"column":21}},"6":{"start":{"line":9,"column":29},"end":{"line":9,"column":41}},"7":{"start":{"line":10,"column":16},"end":{"line":15,"column":17}},"8":{"start":{"line":11,"column":20},"end":{"line":11,"column":53}},"9":{"start":{"line":14,"column":20},"end":{"line":14,"column":34}},"10":{"start":{"line":16,"column":16},"end":{"line":16,"column":35}},"11":{"start":{"line":17,"column":16},"end":{"line":17,"column":33}},"12":{"start":{"line":20,"column":8},"end":{"line":20,"column":20}},"13":{"start":{"line":23,"column":0},"end":{"line":23,"column":22}}},"fnMap":{"0":{"name":"delay","decl":{"start":{"line":5,"column":9},"end":{"line":5,"column":14}},"loc":{"start":{"line":5,"column":34},"end":{"line":22,"column":1}},"line":5},"1":{"name":"(anonymous_1)","decl":{"start":{"line":6,"column":11},"end":{"line":6,"column":12}},"loc":{"start":{"line":6,"column":24},"end":{"line":21,"column":5}},"line":6},"2":{"name":"(anonymous_2)","decl":{"start":{"line":7,"column":33},"end":{"line":7,"column":34}},"loc":{"start":{"line":7,"column":54},"end":{"line":19,"column":9}},"line":7},"3":{"name":"(anonymous_3)","decl":{"start":{"line":8,"column":34},"end":{"line":8,"column":35}},"loc":{"start":{"line":8,"column":40},"end":{"line":18,"column":13}},"line":8}},"branchMap":{"0":{"loc":{"start":{"line":5,"column":20},"end":{"line":5,"column":32}},"type":"default-arg","locations":[{"start":{"line":5,"column":28},"end":{"line":5,"column":32}}],"line":5},"1":{"loc":{"start":{"line":10,"column":16},"end":{"line":15,"column":17}},"type":"if","locations":[{"start":{"line":10,"column":16},"end":{"line":15,"column":17}},{"start":{"line":13,"column":21},"end":{"line":15,"column":17}}],"line":10}},"s":{"0":1,"1":1,"2":1,"3":0,"4":0,"5":0,"6":0,"7":0,"8":0,"9":0,"10":0,"11":0,"12":0,"13":1},"f":{"0":0,"1":0,"2":0,"3":0},"b":{"0":[0],"1":[0,0]},"_coverageSchema":"1a1c01bbd47fc00a2c39e90264f33305004495a9","hash":"95218b99f0b69bac981d194ffd7a3d9a34f15d0b"}
,"/Users/fred/work/samtools/src/index.ts": {"path":"/Users/fred/work/samtools/src/index.ts","statementMap":{"0":{"start":{"line":2,"column":22},"end":{"line":12,"column":3}},"1":{"start":{"line":3,"column":4},"end":{"line":3,"column":33}},"2":{"start":{"line":3,"column":26},"end":{"line":3,"column":33}},"3":{"start":{"line":4,"column":15},"end":{"line":4,"column":52}},"4":{"start":{"line":5,"column":4},"end":{"line":7,"column":5}},"5":{"start":{"line":6,"column":6},"end":{"line":6,"column":68}},"6":{"start":{"line":6,"column":51},"end":{"line":6,"column":63}},"7":{"start":{"line":8,"column":4},"end":{"line":8,"column":39}},"8":{"start":{"line":10,"column":4},"end":{"line":10,"column":33}},"9":{"start":{"line":10,"column":26},"end":{"line":10,"column":33}},"10":{"start":{"line":11,"column":4},"end":{"line":11,"column":17}},"11":{"start":{"line":13,"column":25},"end":{"line":17,"column":2}},"12":{"start":{"line":14,"column":4},"end":{"line":14,"column":72}},"13":{"start":{"line":16,"column":4},"end":{"line":16,"column":21}},"14":{"start":{"line":18,"column":19},"end":{"line":20,"column":1}},"15":{"start":{"line":19,"column":4},"end":{"line":19,"column":126}},"16":{"start":{"line":19,"column":21},"end":{"line":19,"column":126}},"17":{"start":{"line":19,"column":95},"end":{"line":19,"column":126}},"18":{"start":{"line":21,"column":19},"end":{"line":27,"column":1}},"19":{"start":{"line":22,"column":4},"end":{"line":22,"column":42}},"20":{"start":{"line":22,"column":31},"end":{"line":22,"column":42}},"21":{"start":{"line":23,"column":17},"end":{"line":23,"column":19}},"22":{"start":{"line":24,"column":4},"end":{"line":24,"column":141}},"23":{"start":{"line":24,"column":21},"end":{"line":24,"column":141}},"24":{"start":{"line":24,"column":40},"end":{"line":24,"column":141}},"25":{"start":{"line":24,"column":109},"end":{"line":24,"column":141}},"26":{"start":{"line":25,"column":4},"end":{"line":25,"column":36}},"27":{"start":{"line":26,"column":4},"end":{"line":26,"column":18}},"28":{"start":{"line":28,"column":0},"end":{"line":28,"column":62}},"29":{"start":{"line":29,"column":0},"end":{"line":29,"column":106}},"30":{"start":{"line":30,"column":0},"end":{"line":30,"column":46}},"31":{"start":{"line":31,"column":0},"end":{"line":31,"column":41}},"32":{"start":{"line":32,"column":0},"end":{"line":32,"column":42}},"33":{"start":{"line":33,"column":0},"end":{"line":33,"column":45}},"34":{"start":{"line":34,"column":0},"end":{"line":34,"column":55}},"35":{"start":{"line":35,"column":0},"end":{"line":35,"column":45}},"36":{"start":{"line":36,"column":0},"end":{"line":36,"column":45}},"37":{"start":{"line":37,"column":0},"end":{"line":37,"column":49}},"38":{"start":{"line":38,"column":0},"end":{"line":38,"column":49}},"39":{"start":{"line":39,"column":0},"end":{"line":39,"column":57}}},"fnMap":{"0":{"name":"(anonymous_0)","decl":{"start":{"line":2,"column":74},"end":{"line":2,"column":75}},"loc":{"start":{"line":2,"column":96},"end":{"line":9,"column":1}},"line":2},"1":{"name":"(anonymous_1)","decl":{"start":{"line":6,"column":38},"end":{"line":6,"column":39}},"loc":{"start":{"line":6,"column":49},"end":{"line":6,"column":65}},"line":6},"2":{"name":"(anonymous_2)","decl":{"start":{"line":9,"column":6},"end":{"line":9,"column":7}},"loc":{"start":{"line":9,"column":28},"end":{"line":12,"column":1}},"line":9},"3":{"name":"(anonymous_3)","decl":{"start":{"line":13,"column":80},"end":{"line":13,"column":81}},"loc":{"start":{"line":13,"column":95},"end":{"line":15,"column":1}},"line":13},"4":{"name":"(anonymous_4)","decl":{"start":{"line":15,"column":5},"end":{"line":15,"column":6}},"loc":{"start":{"line":15,"column":20},"end":{"line":17,"column":1}},"line":15},"5":{"name":"(anonymous_5)","decl":{"start":{"line":18,"column":50},"end":{"line":18,"column":51}},"loc":{"start":{"line":18,"column":71},"end":{"line":20,"column":1}},"line":18},"6":{"name":"(anonymous_6)","decl":{"start":{"line":21,"column":50},"end":{"line":21,"column":51}},"loc":{"start":{"line":21,"column":65},"end":{"line":27,"column":1}},"line":21}},"branchMap":{"0":{"loc":{"start":{"line":2,"column":22},"end":{"line":12,"column":3}},"type":"binary-expr","locations":[{"start":{"line":2,"column":23},"end":{"line":2,"column":27}},{"start":{"line":2,"column":31},"end":{"line":2,"column":51}},{"start":{"line":2,"column":57},"end":{"line":12,"column":2}}],"line":2},"1":{"loc":{"start":{"line":2,"column":57},"end":{"line":12,"column":2}},"type":"cond-expr","locations":[{"start":{"line":2,"column":74},"end":{"line":9,"column":1}},{"start":{"line":9,"column":6},"end":{"line":12,"column":1}}],"line":2},"2":{"loc":{"start":{"line":3,"column":4},"end":{"line":3,"column":33}},"type":"if","locations":[{"start":{"line":3,"column":4},"end":{"line":3,"column":33}},{"start":{},"end":{}}],"line":3},"3":{"loc":{"start":{"line":5,"column":4},"end":{"line":7,"column":5}},"type":"if","locations":[{"start":{"line":5,"column":4},"end":{"line":7,"column":5}},{"start":{},"end":{}}],"line":5},"4":{"loc":{"start":{"line":5,"column":8},"end":{"line":5,"column":85}},"type":"binary-expr","locations":[{"start":{"line":5,"column":8},"end":{"line":5,"column":13}},{"start":{"line":5,"column":18},"end":{"line":5,"column":84}}],"line":5},"5":{"loc":{"start":{"line":5,"column":18},"end":{"line":5,"column":84}},"type":"cond-expr","locations":[{"start":{"line":5,"column":34},"end":{"line":5,"column":47}},{"start":{"line":5,"column":50},"end":{"line":5,"column":84}}],"line":5},"6":{"loc":{"start":{"line":5,"column":50},"end":{"line":5,"column":84}},"type":"binary-expr","locations":[{"start":{"line":5,"column":50},"end":{"line":5,"column":63}},{"start":{"line":5,"column":67},"end":{"line":5,"column":84}}],"line":5},"7":{"loc":{"start":{"line":10,"column":4},"end":{"line":10,"column":33}},"type":"if","locations":[{"start":{"line":10,"column":4},"end":{"line":10,"column":33}},{"start":{},"end":{}}],"line":10},"8":{"loc":{"start":{"line":13,"column":25},"end":{"line":17,"column":2}},"type":"binary-expr","locations":[{"start":{"line":13,"column":26},"end":{"line":13,"column":30}},{"start":{"line":13,"column":34},"end":{"line":13,"column":57}},{"start":{"line":13,"column":63},"end":{"line":17,"column":1}}],"line":13},"9":{"loc":{"start":{"line":13,"column":63},"end":{"line":17,"column":1}},"type":"cond-expr","locations":[{"start":{"line":13,"column":80},"end":{"line":15,"column":1}},{"start":{"line":15,"column":5},"end":{"line":17,"column":1}}],"line":13},"10":{"loc":{"start":{"line":18,"column":19},"end":{"line":20,"column":1}},"type":"binary-expr","locations":[{"start":{"line":18,"column":20},"end":{"line":18,"column":24}},{"start":{"line":18,"column":28},"end":{"line":18,"column":45}},{"start":{"line":18,"column":50},"end":{"line":20,"column":1}}],"line":18},"11":{"loc":{"start":{"line":19,"column":21},"end":{"line":19,"column":126}},"type":"if","locations":[{"start":{"line":19,"column":21},"end":{"line":19,"column":126}},{"start":{},"end":{}}],"line":19},"12":{"loc":{"start":{"line":19,"column":25},"end":{"line":19,"column":93}},"type":"binary-expr","locations":[{"start":{"line":19,"column":25},"end":{"line":19,"column":40}},{"start":{"line":19,"column":44},"end":{"line":19,"column":93}}],"line":19},"13":{"loc":{"start":{"line":21,"column":19},"end":{"line":27,"column":1}},"type":"binary-expr","locations":[{"start":{"line":21,"column":20},"end":{"line":21,"column":24}},{"start":{"line":21,"column":28},"end":{"line":21,"column":45}},{"start":{"line":21,"column":50},"end":{"line":27,"column":1}}],"line":21},"14":{"loc":{"start":{"line":22,"column":4},"end":{"line":22,"column":42}},"type":"if","locations":[{"start":{"line":22,"column":4},"end":{"line":22,"column":42}},{"start":{},"end":{}}],"line":22},"15":{"loc":{"start":{"line":22,"column":8},"end":{"line":22,"column":29}},"type":"binary-expr","locations":[{"start":{"line":22,"column":8},"end":{"line":22,"column":11}},{"start":{"line":22,"column":15},"end":{"line":22,"column":29}}],"line":22},"16":{"loc":{"start":{"line":24,"column":4},"end":{"line":24,"column":141}},"type":"if","locations":[{"start":{"line":24,"column":4},"end":{"line":24,"column":141}},{"start":{},"end":{}}],"line":24},"17":{"loc":{"start":{"line":24,"column":40},"end":{"line":24,"column":141}},"type":"if","locations":[{"start":{"line":24,"column":40},"end":{"line":24,"column":141}},{"start":{},"end":{}}],"line":24},"18":{"loc":{"start":{"line":24,"column":44},"end":{"line":24,"column":107}},"type":"binary-expr","locations":[{"start":{"line":24,"column":44},"end":{"line":24,"column":59}},{"start":{"line":24,"column":63},"end":{"line":24,"column":107}}],"line":24}},"s":{"0":1,"1":24,"2":24,"3":24,"4":24,"5":24,"6":32,"7":24,"8":0,"9":0,"10":0,"11":1,"12":0,"13":0,"14":1,"15":4,"16":24,"17":24,"18":1,"19":6,"20":6,"21":0,"22":0,"23":0,"24":0,"25":0,"26":0,"27":0,"28":1,"29":1,"30":1,"31":1,"32":1,"33":1,"34":1,"35":1,"36":1,"37":1,"38":1,"39":1},"f":{"0":24,"1":32,"2":0,"3":0,"4":0,"5":4,"6":6},"b":{"0":[1,1,1],"1":[1,0],"2":[24,0],"3":[24,0],"4":[24,24],"5":[0,24],"6":[24,0],"7":[0,0],"8":[1,1,1],"9":[1,0],"10":[1,1,1],"11":[24,0],"12":[24,24],"13":[1,1,1],"14":[6,0],"15":[6,6],"16":[0,0],"17":[0,0],"18":[0,0]},"_coverageSchema":"1a1c01bbd47fc00a2c39e90264f33305004495a9","hash":"f23c9c053afd9c14eaa6573e682c8fb7b6640fa3"}
,"/Users/fred/work/samtools/src/interface.ts": {"path":"/Users/fred/work/samtools/src/interface.ts","statementMap":{"0":{"start":{"line":2,"column":0},"end":{"line":2,"column":62}}},"fnMap":{},"branchMap":{},"s":{"0":1},"f":{},"b":{},"_coverageSchema":"1a1c01bbd47fc00a2c39e90264f33305004495a9","hash":"637781c50a5d619316015cd2ed0ae096795a0d01"}
,"/Users/fred/work/samtools/src/log.ts": {"path":"/Users/fred/work/samtools/src/log.ts","statementMap":{"0":{"start":{"line":2,"column":0},"end":{"line":2,"column":62}},"1":{"start":{"line":3,"column":0},"end":{"line":3,"column":67}},"2":{"start":{"line":4,"column":15},"end":{"line":4,"column":32}},"3":{"start":{"line":6,"column":4},"end":{"line":6,"column":252}},"4":{"start":{"line":8,"column":0},"end":{"line":8,"column":18}},"5":{"start":{"line":10,"column":4},"end":{"line":12,"column":5}},"6":{"start":{"line":11,"column":8},"end":{"line":11,"column":262}},"7":{"start":{"line":13,"column":4},"end":{"line":13,"column":253}},"8":{"start":{"line":14,"column":4},"end":{"line":14,"column":28}},"9":{"start":{"line":15,"column":4},"end":{"line":15,"column":23}},"10":{"start":{"line":17,"column":0},"end":{"line":17,"column":22}},"11":{"start":{"line":19,"column":4},"end":{"line":21,"column":5}},"12":{"start":{"line":20,"column":8},"end":{"line":20,"column":262}},"13":{"start":{"line":22,"column":4},"end":{"line":22,"column":252}},"14":{"start":{"line":23,"column":4},"end":{"line":23,"column":28}},"15":{"start":{"line":24,"column":4},"end":{"line":24,"column":23}},"16":{"start":{"line":26,"column":0},"end":{"line":26,"column":20}},"17":{"start":{"line":28,"column":4},"end":{"line":30,"column":5}},"18":{"start":{"line":29,"column":8},"end":{"line":29,"column":262}},"19":{"start":{"line":31,"column":4},"end":{"line":31,"column":252}},"20":{"start":{"line":32,"column":4},"end":{"line":32,"column":28}},"21":{"start":{"line":33,"column":4},"end":{"line":33,"column":23}},"22":{"start":{"line":35,"column":0},"end":{"line":35,"column":20}}},"fnMap":{"0":{"name":"log","decl":{"start":{"line":5,"column":9},"end":{"line":5,"column":12}},"loc":{"start":{"line":5,"column":29},"end":{"line":7,"column":1}},"line":5},"1":{"name":"error","decl":{"start":{"line":9,"column":9},"end":{"line":9,"column":14}},"loc":{"start":{"line":9,"column":34},"end":{"line":16,"column":1}},"line":9},"2":{"name":"warn","decl":{"start":{"line":18,"column":9},"end":{"line":18,"column":13}},"loc":{"start":{"line":18,"column":33},"end":{"line":25,"column":1}},"line":18},"3":{"name":"info","decl":{"start":{"line":27,"column":9},"end":{"line":27,"column":13}},"loc":{"start":{"line":27,"column":33},"end":{"line":34,"column":1}},"line":27}},"branchMap":{"0":{"loc":{"start":{"line":10,"column":4},"end":{"line":12,"column":5}},"type":"if","locations":[{"start":{"line":10,"column":4},"end":{"line":12,"column":5}},{"start":{},"end":{}}],"line":10},"1":{"loc":{"start":{"line":10,"column":8},"end":{"line":10,"column":64}},"type":"binary-expr","locations":[{"start":{"line":10,"column":8},"end":{"line":10,"column":28}},{"start":{"line":10,"column":32},"end":{"line":10,"column":64}}],"line":10},"2":{"loc":{"start":{"line":19,"column":4},"end":{"line":21,"column":5}},"type":"if","locations":[{"start":{"line":19,"column":4},"end":{"line":21,"column":5}},{"start":{},"end":{}}],"line":19},"3":{"loc":{"start":{"line":19,"column":8},"end":{"line":19,"column":64}},"type":"binary-expr","locations":[{"start":{"line":19,"column":8},"end":{"line":19,"column":28}},{"start":{"line":19,"column":32},"end":{"line":19,"column":64}}],"line":19},"4":{"loc":{"start":{"line":28,"column":4},"end":{"line":30,"column":5}},"type":"if","locations":[{"start":{"line":28,"column":4},"end":{"line":30,"column":5}},{"start":{},"end":{}}],"line":28},"5":{"loc":{"start":{"line":28,"column":8},"end":{"line":28,"column":64}},"type":"binary-expr","locations":[{"start":{"line":28,"column":8},"end":{"line":28,"column":28}},{"start":{"line":28,"column":32},"end":{"line":28,"column":64}}],"line":28}},"s":{"0":1,"1":1,"2":1,"3":0,"4":1,"5":0,"6":0,"7":0,"8":0,"9":0,"10":1,"11":0,"12":0,"13":0,"14":0,"15":0,"16":1,"17":0,"18":0,"19":0,"20":0,"21":0,"22":1},"f":{"0":0,"1":0,"2":0,"3":0},"b":{"0":[0,0],"1":[0,0],"2":[0,0],"3":[0,0],"4":[0,0],"5":[0,0]},"_coverageSchema":"1a1c01bbd47fc00a2c39e90264f33305004495a9","hash":"080026ce25049d81762beca982028be8f477f9fc"}
,"/Users/fred/work/samtools/src/platform.ts": {"path":"/Users/fred/work/samtools/src/platform.ts","statementMap":{"0":{"start":{"line":2,"column":0},"end":{"line":2,"column":62}},"1":{"start":{"line":3,"column":0},"end":{"line":3,"column":42}},"2":{"start":{"line":4,"column":19},"end":{"line":4,"column":40}},"3":{"start":{"line":5,"column":19},"end":{"line":17,"column":1}},"4":{"start":{"line":19,"column":17},"end":{"line":19,"column":37}},"5":{"start":{"line":20,"column":18},"end":{"line":20,"column":64}},"6":{"start":{"line":21,"column":4},"end":{"line":24,"column":5}},"7":{"start":{"line":22,"column":24},"end":{"line":22,"column":89}},"8":{"start":{"line":23,"column":8},"end":{"line":23,"column":36}},"9":{"start":{"line":25,"column":4},"end":{"line":25,"column":21}},"10":{"start":{"line":28,"column":17},"end":{"line":28,"column":40}},"11":{"start":{"line":29,"column":18},"end":{"line":29,"column":64}},"12":{"start":{"line":30,"column":4},"end":{"line":30,"column":30}},"13":{"start":{"line":33,"column":17},"end":{"line":33,"column":43}},"14":{"start":{"line":34,"column":18},"end":{"line":34,"column":64}},"15":{"start":{"line":35,"column":4},"end":{"line":35,"column":38}},"16":{"start":{"line":36,"column":4},"end":{"line":36,"column":30}},"17":{"start":{"line":39,"column":17},"end":{"line":39,"column":49}},"18":{"start":{"line":40,"column":18},"end":{"line":40,"column":64}},"19":{"start":{"line":41,"column":4},"end":{"line":41,"column":30}},"20":{"start":{"line":44,"column":17},"end":{"line":44,"column":71}},"21":{"start":{"line":45,"column":24},"end":{"line":45,"column":70}},"22":{"start":{"line":46,"column":24},"end":{"line":46,"column":70}},"23":{"start":{"line":47,"column":4},"end":{"line":49,"column":5}},"24":{"start":{"line":48,"column":8},"end":{"line":48,"column":67}},"25":{"start":{"line":50,"column":4},"end":{"line":50,"column":21}},"26":{"start":{"line":53,"column":17},"end":{"line":53,"column":110}},"27":{"start":{"line":54,"column":18},"end":{"line":54,"column":64}},"28":{"start":{"line":55,"column":4},"end":{"line":55,"column":38}},"29":{"start":{"line":56,"column":4},"end":{"line":57,"column":33}},"30":{"start":{"line":57,"column":8},"end":{"line":57,"column":33}},"31":{"start":{"line":58,"column":4},"end":{"line":58,"column":21}},"32":{"start":{"line":60,"column":0},"end":{"line":60,"column":24}},"33":{"start":{"line":62,"column":16},"end":{"line":62,"column":33}},"34":{"start":{"line":63,"column":4},"end":{"line":63,"column":21}},"35":{"start":{"line":64,"column":4},"end":{"line":65,"column":41}},"36":{"start":{"line":65,"column":8},"end":{"line":65,"column":41}},"37":{"start":{"line":66,"column":4},"end":{"line":67,"column":46}},"38":{"start":{"line":67,"column":8},"end":{"line":67,"column":46}},"39":{"start":{"line":68,"column":4},"end":{"line":69,"column":37}},"40":{"start":{"line":69,"column":8},"end":{"line":69,"column":37}},"41":{"start":{"line":70,"column":4},"end":{"line":71,"column":41}},"42":{"start":{"line":71,"column":8},"end":{"line":71,"column":41}},"43":{"start":{"line":72,"column":4},"end":{"line":73,"column":37}},"44":{"start":{"line":73,"column":8},"end":{"line":73,"column":37}},"45":{"start":{"line":74,"column":4},"end":{"line":74,"column":21}},"46":{"start":{"line":76,"column":0},"end":{"line":76,"column":26}}},"fnMap":{"0":{"name":"macVersion","decl":{"start":{"line":18,"column":9},"end":{"line":18,"column":19}},"loc":{"start":{"line":18,"column":53},"end":{"line":26,"column":1}},"line":18},"1":{"name":"windowsVersion","decl":{"start":{"line":27,"column":9},"end":{"line":27,"column":23}},"loc":{"start":{"line":27,"column":57},"end":{"line":31,"column":1}},"line":27},"2":{"name":"windowsPhoneVersion","decl":{"start":{"line":32,"column":9},"end":{"line":32,"column":28}},"loc":{"start":{"line":32,"column":62},"end":{"line":37,"column":1}},"line":32},"3":{"name":"androidVersion","decl":{"start":{"line":38,"column":9},"end":{"line":38,"column":23}},"loc":{"start":{"line":38,"column":57},"end":{"line":42,"column":1}},"line":38},"4":{"name":"iosVersion","decl":{"start":{"line":43,"column":9},"end":{"line":43,"column":19}},"loc":{"start":{"line":43,"column":53},"end":{"line":51,"column":1}},"line":43},"5":{"name":"system","decl":{"start":{"line":52,"column":9},"end":{"line":52,"column":15}},"loc":{"start":{"line":52,"column":49},"end":{"line":59,"column":1}},"line":52},"6":{"name":"version","decl":{"start":{"line":61,"column":9},"end":{"line":61,"column":16}},"loc":{"start":{"line":61,"column":50},"end":{"line":75,"column":1}},"line":61}},"branchMap":{"0":{"loc":{"start":{"line":18,"column":20},"end":{"line":18,"column":51}},"type":"default-arg","locations":[{"start":{"line":18,"column":32},"end":{"line":18,"column":51}}],"line":18},"1":{"loc":{"start":{"line":21,"column":4},"end":{"line":24,"column":5}},"type":"if","locations":[{"start":{"line":21,"column":4},"end":{"line":24,"column":5}},{"start":{},"end":{}}],"line":21},"2":{"loc":{"start":{"line":23,"column":15},"end":{"line":23,"column":35}},"type":"binary-expr","locations":[{"start":{"line":23,"column":15},"end":{"line":23,"column":22}},{"start":{"line":23,"column":26},"end":{"line":23,"column":35}}],"line":23},"3":{"loc":{"start":{"line":27,"column":24},"end":{"line":27,"column":55}},"type":"default-arg","locations":[{"start":{"line":27,"column":36},"end":{"line":27,"column":55}}],"line":27},"4":{"loc":{"start":{"line":30,"column":11},"end":{"line":30,"column":29}},"type":"binary-expr","locations":[{"start":{"line":30,"column":11},"end":{"line":30,"column":16}},{"start":{"line":30,"column":20},"end":{"line":30,"column":29}}],"line":30},"5":{"loc":{"start":{"line":32,"column":29},"end":{"line":32,"column":60}},"type":"default-arg","locations":[{"start":{"line":32,"column":41},"end":{"line":32,"column":60}}],"line":32},"6":{"loc":{"start":{"line":36,"column":11},"end":{"line":36,"column":29}},"type":"binary-expr","locations":[{"start":{"line":36,"column":11},"end":{"line":36,"column":16}},{"start":{"line":36,"column":20},"end":{"line":36,"column":29}}],"line":36},"7":{"loc":{"start":{"line":38,"column":24},"end":{"line":38,"column":55}},"type":"default-arg","locations":[{"start":{"line":38,"column":36},"end":{"line":38,"column":55}}],"line":38},"8":{"loc":{"start":{"line":41,"column":11},"end":{"line":41,"column":29}},"type":"binary-expr","locations":[{"start":{"line":41,"column":11},"end":{"line":41,"column":16}},{"start":{"line":41,"column":20},"end":{"line":41,"column":29}}],"line":41},"9":{"loc":{"start":{"line":43,"column":20},"end":{"line":43,"column":51}},"type":"default-arg","locations":[{"start":{"line":43,"column":32},"end":{"line":43,"column":51}}],"line":43},"10":{"loc":{"start":{"line":47,"column":4},"end":{"line":49,"column":5}},"type":"if","locations":[{"start":{"line":47,"column":4},"end":{"line":49,"column":5}},{"start":{},"end":{}}],"line":47},"11":{"loc":{"start":{"line":47,"column":8},"end":{"line":47,"column":34}},"type":"binary-expr","locations":[{"start":{"line":47,"column":8},"end":{"line":47,"column":19}},{"start":{"line":47,"column":23},"end":{"line":47,"column":34}}],"line":47},"12":{"loc":{"start":{"line":52,"column":16},"end":{"line":52,"column":47}},"type":"default-arg","locations":[{"start":{"line":52,"column":28},"end":{"line":52,"column":47}}],"line":52},"13":{"loc":{"start":{"line":56,"column":4},"end":{"line":57,"column":33}},"type":"if","locations":[{"start":{"line":56,"column":4},"end":{"line":57,"column":33}},{"start":{},"end":{}}],"line":56},"14":{"loc":{"start":{"line":56,"column":8},"end":{"line":56,"column":34}},"type":"binary-expr","locations":[{"start":{"line":56,"column":8},"end":{"line":56,"column":13}},{"start":{"line":56,"column":17},"end":{"line":56,"column":34}}],"line":56},"15":{"loc":{"start":{"line":61,"column":17},"end":{"line":61,"column":48}},"type":"default-arg","locations":[{"start":{"line":61,"column":29},"end":{"line":61,"column":48}}],"line":61},"16":{"loc":{"start":{"line":64,"column":4},"end":{"line":65,"column":41}},"type":"if","locations":[{"start":{"line":64,"column":4},"end":{"line":65,"column":41}},{"start":{},"end":{}}],"line":64},"17":{"loc":{"start":{"line":66,"column":4},"end":{"line":67,"column":46}},"type":"if","locations":[{"start":{"line":66,"column":4},"end":{"line":67,"column":46}},{"start":{},"end":{}}],"line":66},"18":{"loc":{"start":{"line":68,"column":4},"end":{"line":69,"column":37}},"type":"if","locations":[{"start":{"line":68,"column":4},"end":{"line":69,"column":37}},{"start":{},"end":{}}],"line":68},"19":{"loc":{"start":{"line":70,"column":4},"end":{"line":71,"column":41}},"type":"if","locations":[{"start":{"line":70,"column":4},"end":{"line":71,"column":41}},{"start":{},"end":{}}],"line":70},"20":{"loc":{"start":{"line":72,"column":4},"end":{"line":73,"column":37}},"type":"if","locations":[{"start":{"line":72,"column":4},"end":{"line":73,"column":37}},{"start":{},"end":{}}],"line":72}},"s":{"0":2,"1":2,"2":2,"3":2,"4":1,"5":1,"6":1,"7":1,"8":1,"9":0,"10":1,"11":1,"12":1,"13":0,"14":0,"15":0,"16":0,"17":1,"18":1,"19":1,"20":1,"21":1,"22":1,"23":1,"24":1,"25":0,"26":5,"27":5,"28":5,"29":5,"30":5,"31":0,"32":2,"33":4,"34":4,"35":4,"36":1,"37":3,"38":0,"39":3,"40":1,"41":2,"42":1,"43":1,"44":1,"45":0,"46":2},"f":{"0":1,"1":1,"2":0,"3":1,"4":1,"5":5,"6":4},"b":{"0":[0],"1":[1,0],"2":[1,0],"3":[0],"4":[1,1],"5":[0],"6":[0,0],"7":[0],"8":[1,0],"9":[0],"10":[1,0],"11":[1,1],"12":[0],"13":[5,0],"14":[5,5],"15":[0],"16":[1,3],"17":[0,3],"18":[1,2],"19":[1,1],"20":[1,0]},"_coverageSchema":"1a1c01bbd47fc00a2c39e90264f33305004495a9","hash":"513687871501cf14bbd697a3873a8b4e7cf64069"}
,"/Users/fred/work/samtools/src/query.ts": {"path":"/Users/fred/work/samtools/src/query.ts","statementMap":{"0":{"start":{"line":2,"column":0},"end":{"line":2,"column":62}},"1":{"start":{"line":3,"column":0},"end":{"line":3,"column":88}},"2":{"start":{"line":4,"column":11},"end":{"line":4,"column":23}},"3":{"start":{"line":6,"column":4},"end":{"line":7,"column":18}},"4":{"start":{"line":7,"column":8},"end":{"line":7,"column":18}},"5":{"start":{"line":8,"column":4},"end":{"line":15,"column":11}},"6":{"start":{"line":9,"column":29},"end":{"line":9,"column":30}},"7":{"start":{"line":10,"column":8},"end":{"line":11,"column":21}},"8":{"start":{"line":11,"column":12},"end":{"line":11,"column":21}},"9":{"start":{"line":12,"column":8},"end":{"line":13,"column":62}},"10":{"start":{"line":13,"column":12},"end":{"line":13,"column":62}},"11":{"start":{"line":14,"column":8},"end":{"line":14,"column":38}},"12":{"start":{"line":17,"column":0},"end":{"line":17,"column":20}},"13":{"start":{"line":19,"column":4},"end":{"line":20,"column":18}},"14":{"start":{"line":20,"column":8},"end":{"line":20,"column":18}},"15":{"start":{"line":21,"column":22},"end":{"line":21,"column":36}},"16":{"start":{"line":22,"column":4},"end":{"line":23,"column":18}},"17":{"start":{"line":23,"column":8},"end":{"line":23,"column":18}},"18":{"start":{"line":24,"column":4},"end":{"line":38,"column":11}},"19":{"start":{"line":25,"column":29},"end":{"line":25,"column":57}},"20":{"start":{"line":26,"column":8},"end":{"line":27,"column":21}},"21":{"start":{"line":27,"column":12},"end":{"line":27,"column":21}},"22":{"start":{"line":28,"column":8},"end":{"line":36,"column":9}},"23":{"start":{"line":29,"column":12},"end":{"line":29,"column":55}},"24":{"start":{"line":31,"column":13},"end":{"line":36,"column":9}},"25":{"start":{"line":32,"column":12},"end":{"line":32,"column":58}},"26":{"start":{"line":35,"column":12},"end":{"line":35,"column":47}},"27":{"start":{"line":37,"column":8},"end":{"line":37,"column":17}},"28":{"start":{"line":40,"column":0},"end":{"line":40,"column":32}},"29":{"start":{"line":42,"column":4},"end":{"line":43,"column":18}},"30":{"start":{"line":43,"column":8},"end":{"line":43,"column":18}},"31":{"start":{"line":44,"column":19},"end":{"line":44,"column":33}},"32":{"start":{"line":45,"column":4},"end":{"line":45,"column":16}},"33":{"start":{"line":47,"column":0},"end":{"line":47,"column":28}},"34":{"start":{"line":49,"column":17},"end":{"line":49,"column":30}},"35":{"start":{"line":50,"column":19},"end":{"line":50,"column":34}},"36":{"start":{"line":51,"column":18},"end":{"line":51,"column":69}},"37":{"start":{"line":52,"column":4},"end":{"line":52,"column":29}},"38":{"start":{"line":54,"column":0},"end":{"line":54,"column":42}}},"fnMap":{"0":{"name":"make","decl":{"start":{"line":5,"column":9},"end":{"line":5,"column":13}},"loc":{"start":{"line":5,"column":19},"end":{"line":16,"column":1}},"line":5},"1":{"name":"(anonymous_1)","decl":{"start":{"line":8,"column":38},"end":{"line":8,"column":39}},"loc":{"start":{"line":8,"column":53},"end":{"line":15,"column":5}},"line":8},"2":{"name":"parseQuery","decl":{"start":{"line":18,"column":9},"end":{"line":18,"column":19}},"loc":{"start":{"line":18,"column":30},"end":{"line":39,"column":1}},"line":18},"3":{"name":"(anonymous_3)","decl":{"start":{"line":24,"column":51},"end":{"line":24,"column":52}},"loc":{"start":{"line":24,"column":61},"end":{"line":38,"column":5}},"line":24},"4":{"name":"parseUrl","decl":{"start":{"line":41,"column":9},"end":{"line":41,"column":17}},"loc":{"start":{"line":41,"column":23},"end":{"line":46,"column":1}},"line":41},"5":{"name":"mergeQueryToURL","decl":{"start":{"line":48,"column":9},"end":{"line":48,"column":24}},"loc":{"start":{"line":48,"column":35},"end":{"line":53,"column":1}},"line":48}},"branchMap":{"0":{"loc":{"start":{"line":6,"column":4},"end":{"line":7,"column":18}},"type":"if","locations":[{"start":{"line":6,"column":4},"end":{"line":7,"column":18}},{"start":{},"end":{}}],"line":6},"1":{"loc":{"start":{"line":6,"column":8},"end":{"line":6,"column":54}},"type":"binary-expr","locations":[{"start":{"line":6,"column":8},"end":{"line":6,"column":30}},{"start":{"line":6,"column":34},"end":{"line":6,"column":54}}],"line":6},"2":{"loc":{"start":{"line":10,"column":8},"end":{"line":11,"column":21}},"type":"if","locations":[{"start":{"line":10,"column":8},"end":{"line":11,"column":21}},{"start":{},"end":{}}],"line":10},"3":{"loc":{"start":{"line":12,"column":8},"end":{"line":13,"column":62}},"type":"if","locations":[{"start":{"line":12,"column":8},"end":{"line":13,"column":62}},{"start":{},"end":{}}],"line":12},"4":{"loc":{"start":{"line":18,"column":20},"end":{"line":18,"column":28}},"type":"default-arg","locations":[{"start":{"line":18,"column":26},"end":{"line":18,"column":28}}],"line":18},"5":{"loc":{"start":{"line":19,"column":4},"end":{"line":20,"column":18}},"type":"if","locations":[{"start":{"line":19,"column":4},"end":{"line":20,"column":18}},{"start":{},"end":{}}],"line":19},"6":{"loc":{"start":{"line":19,"column":8},"end":{"line":19,"column":54}},"type":"binary-expr","locations":[{"start":{"line":19,"column":8},"end":{"line":19,"column":30}},{"start":{"line":19,"column":34},"end":{"line":19,"column":54}}],"line":19},"7":{"loc":{"start":{"line":22,"column":4},"end":{"line":23,"column":18}},"type":"if","locations":[{"start":{"line":22,"column":4},"end":{"line":23,"column":18}},{"start":{},"end":{}}],"line":22},"8":{"loc":{"start":{"line":26,"column":8},"end":{"line":27,"column":21}},"type":"if","locations":[{"start":{"line":26,"column":8},"end":{"line":27,"column":21}},{"start":{},"end":{}}],"line":26},"9":{"loc":{"start":{"line":28,"column":8},"end":{"line":36,"column":9}},"type":"if","locations":[{"start":{"line":28,"column":8},"end":{"line":36,"column":9}},{"start":{"line":31,"column":13},"end":{"line":36,"column":9}}],"line":28},"10":{"loc":{"start":{"line":31,"column":13},"end":{"line":36,"column":9}},"type":"if","locations":[{"start":{"line":31,"column":13},"end":{"line":36,"column":9}},{"start":{"line":34,"column":13},"end":{"line":36,"column":9}}],"line":31},"11":{"loc":{"start":{"line":42,"column":4},"end":{"line":43,"column":18}},"type":"if","locations":[{"start":{"line":42,"column":4},"end":{"line":43,"column":18}},{"start":{},"end":{}}],"line":42},"12":{"loc":{"start":{"line":42,"column":8},"end":{"line":42,"column":54}},"type":"binary-expr","locations":[{"start":{"line":42,"column":8},"end":{"line":42,"column":30}},{"start":{"line":42,"column":34},"end":{"line":42,"column":54}}],"line":42}},"s":{"0":1,"1":1,"2":1,"3":2,"4":0,"5":2,"6":8,"7":8,"8":0,"9":8,"10":2,"11":6,"12":1,"13":2,"14":0,"15":2,"16":2,"17":0,"18":2,"19":5,"20":5,"21":0,"22":5,"23":3,"24":2,"25":0,"26":2,"27":5,"28":1,"29":2,"30":0,"31":2,"32":2,"33":1,"34":1,"35":1,"36":1,"37":1,"38":1},"f":{"0":2,"1":8,"2":2,"3":5,"4":2,"5":1},"b":{"0":[0,2],"1":[2,2],"2":[0,8],"3":[2,6],"4":[0],"5":[0,2],"6":[2,2],"7":[0,2],"8":[0,5],"9":[3,2],"10":[0,2],"11":[0,2],"12":[2,2]},"_coverageSchema":"1a1c01bbd47fc00a2c39e90264f33305004495a9","hash":"d690a8f1c9ec1ae72925ebe08400ea9bd20facbd"}
,"/Users/fred/work/samtools/src/set.ts": {"path":"/Users/fred/work/samtools/src/set.ts","statementMap":{"0":{"start":{"line":2,"column":0},"end":{"line":2,"column":62}},"1":{"start":{"line":3,"column":0},"end":{"line":3,"column":90}},"2":{"start":{"line":4,"column":15},"end":{"line":4,"column":32}},"3":{"start":{"line":11,"column":4},"end":{"line":20,"column":5}},"4":{"start":{"line":12,"column":21},"end":{"line":12,"column":69}},"5":{"start":{"line":12,"column":42},"end":{"line":12,"column":68}},"6":{"start":{"line":13,"column":8},"end":{"line":19,"column":9}},"7":{"start":{"line":14,"column":25},"end":{"line":14,"column":84}},"8":{"start":{"line":14,"column":55},"end":{"line":14,"column":66}},"9":{"start":{"line":15,"column":12},"end":{"line":18,"column":19}},"10":{"start":{"line":16,"column":29},"end":{"line":16,"column":65}},"11":{"start":{"line":16,"column":47},"end":{"line":16,"column":64}},"12":{"start":{"line":17,"column":16},"end":{"line":17,"column":40}},"13":{"start":{"line":21,"column":4},"end":{"line":21,"column":31}},"14":{"start":{"line":23,"column":0},"end":{"line":23,"column":36}},"15":{"start":{"line":31,"column":17},"end":{"line":31,"column":71}},"16":{"start":{"line":31,"column":43},"end":{"line":31,"column":70}},"17":{"start":{"line":31,"column":62},"end":{"line":31,"column":69}},"18":{"start":{"line":32,"column":4},"end":{"line":32,"column":30}},"19":{"start":{"line":34,"column":0},"end":{"line":34,"column":36}},"20":{"start":{"line":42,"column":4},"end":{"line":42,"column":48}},"21":{"start":{"line":44,"column":0},"end":{"line":44,"column":22}},"22":{"start":{"line":52,"column":15},"end":{"line":52,"column":36}},"23":{"start":{"line":53,"column":16},"end":{"line":53,"column":44}},"24":{"start":{"line":54,"column":4},"end":{"line":54,"column":53}},"25":{"start":{"line":54,"column":28},"end":{"line":54,"column":51}},"26":{"start":{"line":54,"column":43},"end":{"line":54,"column":50}},"27":{"start":{"line":56,"column":0},"end":{"line":56,"column":32}}},"fnMap":{"0":{"name":"unrepetition","decl":{"start":{"line":10,"column":9},"end":{"line":10,"column":21}},"loc":{"start":{"line":10,"column":36},"end":{"line":22,"column":1}},"line":10},"1":{"name":"(anonymous_1)","decl":{"start":{"line":12,"column":34},"end":{"line":12,"column":35}},"loc":{"start":{"line":12,"column":42},"end":{"line":12,"column":68}},"line":12},"2":{"name":"(anonymous_2)","decl":{"start":{"line":14,"column":47},"end":{"line":14,"column":48}},"loc":{"start":{"line":14,"column":55},"end":{"line":14,"column":66}},"line":14},"3":{"name":"(anonymous_3)","decl":{"start":{"line":15,"column":31},"end":{"line":15,"column":32}},"loc":{"start":{"line":15,"column":46},"end":{"line":18,"column":13}},"line":15},"4":{"name":"(anonymous_4)","decl":{"start":{"line":16,"column":39},"end":{"line":16,"column":40}},"loc":{"start":{"line":16,"column":47},"end":{"line":16,"column":64}},"line":16},"5":{"name":"intersection","decl":{"start":{"line":30,"column":9},"end":{"line":30,"column":21}},"loc":{"start":{"line":30,"column":38},"end":{"line":33,"column":1}},"line":30},"6":{"name":"(anonymous_6)","decl":{"start":{"line":31,"column":36},"end":{"line":31,"column":37}},"loc":{"start":{"line":31,"column":43},"end":{"line":31,"column":70}},"line":31},"7":{"name":"(anonymous_7)","decl":{"start":{"line":31,"column":55},"end":{"line":31,"column":56}},"loc":{"start":{"line":31,"column":62},"end":{"line":31,"column":69}},"line":31},"8":{"name":"union","decl":{"start":{"line":41,"column":9},"end":{"line":41,"column":14}},"loc":{"start":{"line":41,"column":31},"end":{"line":43,"column":1}},"line":41},"9":{"name":"difference","decl":{"start":{"line":51,"column":9},"end":{"line":51,"column":19}},"loc":{"start":{"line":51,"column":36},"end":{"line":55,"column":1}},"line":51},"10":{"name":"(anonymous_10)","decl":{"start":{"line":54,"column":21},"end":{"line":54,"column":22}},"loc":{"start":{"line":54,"column":28},"end":{"line":54,"column":51}},"line":54},"11":{"name":"(anonymous_11)","decl":{"start":{"line":54,"column":38},"end":{"line":54,"column":39}},"loc":{"start":{"line":54,"column":43},"end":{"line":54,"column":50}},"line":54}},"branchMap":{"0":{"loc":{"start":{"line":11,"column":4},"end":{"line":20,"column":5}},"type":"if","locations":[{"start":{"line":11,"column":4},"end":{"line":20,"column":5}},{"start":{},"end":{}}],"line":11},"1":{"loc":{"start":{"line":13,"column":8},"end":{"line":19,"column":9}},"type":"if","locations":[{"start":{"line":13,"column":8},"end":{"line":19,"column":9}},{"start":{},"end":{}}],"line":13}},"s":{"0":2,"1":2,"2":2,"3":4,"4":1,"5":3,"6":1,"7":1,"8":3,"9":1,"10":2,"11":3,"12":2,"13":3,"14":2,"15":2,"16":24,"17":140,"18":2,"19":2,"20":2,"21":2,"22":1,"23":1,"24":1,"25":13,"26":63,"27":2},"f":{"0":4,"1":3,"2":3,"3":2,"4":3,"5":2,"6":24,"7":140,"8":2,"9":1,"10":13,"11":63},"b":{"0":[1,3],"1":[1,0]},"_coverageSchema":"1a1c01bbd47fc00a2c39e90264f33305004495a9","hash":"3ec480c301a2451fd6aaa28ce2671091f843d701"}
,"/Users/fred/work/samtools/src/transform.ts": {"path":"/Users/fred/work/samtools/src/transform.ts","statementMap":{"0":{"start":{"line":2,"column":0},"end":{"line":2,"column":62}},"1":{"start":{"line":3,"column":0},"end":{"line":3,"column":73}},"2":{"start":{"line":4,"column":15},"end":{"line":4,"column":32}},"3":{"start":{"line":6,"column":4},"end":{"line":7,"column":19}},"4":{"start":{"line":7,"column":8},"end":{"line":7,"column":19}},"5":{"start":{"line":8,"column":17},"end":{"line":8,"column":39}},"6":{"start":{"line":9,"column":4},"end":{"line":16,"column":11}},"7":{"start":{"line":10,"column":29},"end":{"line":10,"column":30}},"8":{"start":{"line":11,"column":20},"end":{"line":11,"column":50}},"9":{"start":{"line":11,"column":37},"end":{"line":11,"column":49}},"10":{"start":{"line":12,"column":8},"end":{"line":14,"column":9}},"11":{"start":{"line":13,"column":12},"end":{"line":13,"column":30}},"12":{"start":{"line":15,"column":8},"end":{"line":15,"column":17}},"13":{"start":{"line":19,"column":17},"end":{"line":19,"column":57}},"14":{"start":{"line":19,"column":36},"end":{"line":19,"column":56}},"15":{"start":{"line":20,"column":22},"end":{"line":20,"column":63}},"16":{"start":{"line":20,"column":41},"end":{"line":20,"column":62}},"17":{"start":{"line":21,"column":4},"end":{"line":23,"column":7}},"18":{"start":{"line":22,"column":8},"end":{"line":22,"column":138}},"19":{"start":{"line":25,"column":0},"end":{"line":25,"column":32}},"20":{"start":{"line":27,"column":4},"end":{"line":28,"column":18}},"21":{"start":{"line":28,"column":8},"end":{"line":28,"column":18}},"22":{"start":{"line":29,"column":17},"end":{"line":29,"column":19}},"23":{"start":{"line":30,"column":4},"end":{"line":33,"column":5}},"24":{"start":{"line":31,"column":8},"end":{"line":32,"column":42}},"25":{"start":{"line":32,"column":12},"end":{"line":32,"column":42}},"26":{"start":{"line":34,"column":4},"end":{"line":34,"column":16}},"27":{"start":{"line":36,"column":0},"end":{"line":36,"column":32}},"28":{"start":{"line":38,"column":4},"end":{"line":40,"column":11}},"29":{"start":{"line":39,"column":8},"end":{"line":39,"column":56}},"30":{"start":{"line":42,"column":0},"end":{"line":42,"column":38}}},"fnMap":{"0":{"name":"schemaToObj","decl":{"start":{"line":5,"column":9},"end":{"line":5,"column":20}},"loc":{"start":{"line":5,"column":34},"end":{"line":17,"column":1}},"line":5},"1":{"name":"(anonymous_1)","decl":{"start":{"line":9,"column":38},"end":{"line":9,"column":39}},"loc":{"start":{"line":9,"column":48},"end":{"line":16,"column":5}},"line":9},"2":{"name":"(anonymous_2)","decl":{"start":{"line":11,"column":30},"end":{"line":11,"column":31}},"loc":{"start":{"line":11,"column":37},"end":{"line":11,"column":49}},"line":11},"3":{"name":"listToTree","decl":{"start":{"line":18,"column":9},"end":{"line":18,"column":19}},"loc":{"start":{"line":18,"column":55},"end":{"line":24,"column":1}},"line":18},"4":{"name":"(anonymous_4)","decl":{"start":{"line":19,"column":29},"end":{"line":19,"column":30}},"loc":{"start":{"line":19,"column":36},"end":{"line":19,"column":56}},"line":19},"5":{"name":"(anonymous_5)","decl":{"start":{"line":20,"column":34},"end":{"line":20,"column":35}},"loc":{"start":{"line":20,"column":41},"end":{"line":20,"column":62}},"line":20},"6":{"name":"(anonymous_6)","decl":{"start":{"line":21,"column":20},"end":{"line":21,"column":21}},"loc":{"start":{"line":21,"column":27},"end":{"line":23,"column":5}},"line":21},"7":{"name":"enumToList","decl":{"start":{"line":26,"column":9},"end":{"line":26,"column":19}},"loc":{"start":{"line":26,"column":28},"end":{"line":35,"column":1}},"line":26},"8":{"name":"enumToOptions","decl":{"start":{"line":37,"column":9},"end":{"line":37,"column":22}},"loc":{"start":{"line":37,"column":36},"end":{"line":41,"column":1}},"line":37},"9":{"name":"(anonymous_9)","decl":{"start":{"line":38,"column":41},"end":{"line":38,"column":42}},"loc":{"start":{"line":38,"column":51},"end":{"line":40,"column":5}},"line":38}},"branchMap":{"0":{"loc":{"start":{"line":6,"column":4},"end":{"line":7,"column":19}},"type":"if","locations":[{"start":{"line":6,"column":4},"end":{"line":7,"column":19}},{"start":{},"end":{}}],"line":6},"1":{"loc":{"start":{"line":6,"column":8},"end":{"line":6,"column":109}},"type":"binary-expr","locations":[{"start":{"line":6,"column":8},"end":{"line":6,"column":34}},{"start":{"line":6,"column":38},"end":{"line":6,"column":45}},{"start":{"line":6,"column":49},"end":{"line":6,"column":78}},{"start":{"line":6,"column":82},"end":{"line":6,"column":109}}],"line":6},"2":{"loc":{"start":{"line":12,"column":8},"end":{"line":14,"column":9}},"type":"if","locations":[{"start":{"line":12,"column":8},"end":{"line":14,"column":9}},{"start":{},"end":{}}],"line":12},"3":{"loc":{"start":{"line":12,"column":12},"end":{"line":12,"column":57}},"type":"binary-expr","locations":[{"start":{"line":12,"column":12},"end":{"line":12,"column":36}},{"start":{"line":12,"column":40},"end":{"line":12,"column":45}},{"start":{"line":12,"column":49},"end":{"line":12,"column":57}}],"line":12},"4":{"loc":{"start":{"line":27,"column":4},"end":{"line":28,"column":18}},"type":"if","locations":[{"start":{"line":27,"column":4},"end":{"line":28,"column":18}},{"start":{},"end":{}}],"line":27},"5":{"loc":{"start":{"line":31,"column":8},"end":{"line":32,"column":42}},"type":"if","locations":[{"start":{"line":31,"column":8},"end":{"line":32,"column":42}},{"start":{},"end":{}}],"line":31},"6":{"loc":{"start":{"line":37,"column":23},"end":{"line":37,"column":34}},"type":"default-arg","locations":[{"start":{"line":37,"column":32},"end":{"line":37,"column":34}}],"line":37}},"s":{"0":1,"1":1,"2":1,"3":0,"4":0,"5":0,"6":0,"7":0,"8":0,"9":0,"10":0,"11":0,"12":0,"13":0,"14":0,"15":0,"16":0,"17":0,"18":0,"19":1,"20":0,"21":0,"22":0,"23":0,"24":0,"25":0,"26":0,"27":1,"28":0,"29":0,"30":1},"f":{"0":0,"1":0,"2":0,"3":0,"4":0,"5":0,"6":0,"7":0,"8":0,"9":0},"b":{"0":[0,0],"1":[0,0,0,0],"2":[0,0],"3":[0,0,0],"4":[0,0],"5":[0,0],"6":[0]},"_coverageSchema":"1a1c01bbd47fc00a2c39e90264f33305004495a9","hash":"d7b38937800fc415551ef114ceafdf4c2e3ba56c"}
,"/Users/fred/work/samtools/src/type.ts": {"path":"/Users/fred/work/samtools/src/type.ts","statementMap":{"0":{"start":{"line":2,"column":0},"end":{"line":2,"column":62}},"1":{"start":{"line":3,"column":0},"end":{"line":3,"column":388}},"2":{"start":{"line":5,"column":4},"end":{"line":5,"column":72}},"3":{"start":{"line":7,"column":0},"end":{"line":7,"column":24}},"4":{"start":{"line":9,"column":4},"end":{"line":9,"column":68}},"5":{"start":{"line":11,"column":0},"end":{"line":11,"column":26}},"6":{"start":{"line":13,"column":4},"end":{"line":13,"column":69}},"7":{"start":{"line":15,"column":0},"end":{"line":15,"column":28}},"8":{"start":{"line":17,"column":4},"end":{"line":17,"column":69}},"9":{"start":{"line":19,"column":0},"end":{"line":19,"column":28}},"10":{"start":{"line":21,"column":4},"end":{"line":21,"column":69}},"11":{"start":{"line":23,"column":0},"end":{"line":23,"column":28}},"12":{"start":{"line":25,"column":4},"end":{"line":25,"column":76}},"13":{"start":{"line":27,"column":0},"end":{"line":27,"column":42}},"14":{"start":{"line":29,"column":4},"end":{"line":29,"column":77}},"15":{"start":{"line":31,"column":0},"end":{"line":31,"column":44}},"16":{"start":{"line":33,"column":4},"end":{"line":33,"column":68}},"17":{"start":{"line":35,"column":0},"end":{"line":35,"column":24}},"18":{"start":{"line":37,"column":4},"end":{"line":37,"column":70}},"19":{"start":{"line":39,"column":0},"end":{"line":39,"column":28}},"20":{"start":{"line":41,"column":4},"end":{"line":41,"column":68}},"21":{"start":{"line":43,"column":0},"end":{"line":43,"column":24}},"22":{"start":{"line":45,"column":4},"end":{"line":45,"column":70}},"23":{"start":{"line":47,"column":0},"end":{"line":47,"column":30}},"24":{"start":{"line":49,"column":4},"end":{"line":49,"column":69}},"25":{"start":{"line":51,"column":0},"end":{"line":51,"column":28}},"26":{"start":{"line":53,"column":4},"end":{"line":53,"column":84}},"27":{"start":{"line":55,"column":0},"end":{"line":55,"column":22}},"28":{"start":{"line":57,"column":4},"end":{"line":57,"column":68}},"29":{"start":{"line":59,"column":0},"end":{"line":59,"column":24}},"30":{"start":{"line":61,"column":4},"end":{"line":61,"column":69}},"31":{"start":{"line":63,"column":0},"end":{"line":63,"column":28}},"32":{"start":{"line":65,"column":4},"end":{"line":65,"column":71}},"33":{"start":{"line":67,"column":0},"end":{"line":67,"column":34}},"34":{"start":{"line":69,"column":4},"end":{"line":69,"column":66}},"35":{"start":{"line":71,"column":0},"end":{"line":71,"column":24}},"36":{"start":{"line":73,"column":4},"end":{"line":73,"column":70}},"37":{"start":{"line":75,"column":0},"end":{"line":75,"column":30}},"38":{"start":{"line":77,"column":4},"end":{"line":78,"column":24}},"39":{"start":{"line":78,"column":8},"end":{"line":78,"column":24}},"40":{"start":{"line":79,"column":4},"end":{"line":80,"column":24}},"41":{"start":{"line":80,"column":8},"end":{"line":80,"column":24}},"42":{"start":{"line":81,"column":4},"end":{"line":82,"column":23}},"43":{"start":{"line":82,"column":8},"end":{"line":82,"column":23}},"44":{"start":{"line":83,"column":4},"end":{"line":84,"column":24}},"45":{"start":{"line":84,"column":8},"end":{"line":84,"column":24}},"46":{"start":{"line":85,"column":4},"end":{"line":86,"column":26}},"47":{"start":{"line":86,"column":8},"end":{"line":86,"column":26}},"48":{"start":{"line":87,"column":4},"end":{"line":88,"column":24}},"49":{"start":{"line":88,"column":8},"end":{"line":88,"column":24}},"50":{"start":{"line":89,"column":4},"end":{"line":90,"column":27}},"51":{"start":{"line":90,"column":8},"end":{"line":90,"column":27}},"52":{"start":{"line":91,"column":4},"end":{"line":92,"column":22}},"53":{"start":{"line":92,"column":8},"end":{"line":92,"column":22}},"54":{"start":{"line":93,"column":4},"end":{"line":94,"column":24}},"55":{"start":{"line":94,"column":8},"end":{"line":94,"column":24}},"56":{"start":{"line":95,"column":4},"end":{"line":96,"column":25}},"57":{"start":{"line":96,"column":8},"end":{"line":96,"column":25}},"58":{"start":{"line":97,"column":4},"end":{"line":97,"column":23}},"59":{"start":{"line":99,"column":0},"end":{"line":99,"column":20}},"60":{"start":{"line":101,"column":4},"end":{"line":102,"column":20}},"61":{"start":{"line":102,"column":8},"end":{"line":102,"column":20}},"62":{"start":{"line":103,"column":4},"end":{"line":104,"column":29}},"63":{"start":{"line":104,"column":8},"end":{"line":104,"column":29}},"64":{"start":{"line":105,"column":4},"end":{"line":106,"column":42}},"65":{"start":{"line":106,"column":8},"end":{"line":106,"column":42}},"66":{"start":{"line":107,"column":4},"end":{"line":108,"column":22}},"67":{"start":{"line":108,"column":8},"end":{"line":108,"column":22}},"68":{"start":{"line":109,"column":4},"end":{"line":109,"column":17}},"69":{"start":{"line":111,"column":0},"end":{"line":111,"column":26}}},"fnMap":{"0":{"name":"isFunc","decl":{"start":{"line":4,"column":9},"end":{"line":4,"column":15}},"loc":{"start":{"line":4,"column":22},"end":{"line":6,"column":1}},"line":4},"1":{"name":"isArray","decl":{"start":{"line":8,"column":9},"end":{"line":8,"column":16}},"loc":{"start":{"line":8,"column":22},"end":{"line":10,"column":1}},"line":8},"2":{"name":"isObject","decl":{"start":{"line":12,"column":9},"end":{"line":12,"column":17}},"loc":{"start":{"line":12,"column":23},"end":{"line":14,"column":1}},"line":12},"3":{"name":"isString","decl":{"start":{"line":16,"column":9},"end":{"line":16,"column":17}},"loc":{"start":{"line":16,"column":23},"end":{"line":18,"column":1}},"line":16},"4":{"name":"isBigint","decl":{"start":{"line":20,"column":9},"end":{"line":20,"column":17}},"loc":{"start":{"line":20,"column":23},"end":{"line":22,"column":1}},"line":20},"5":{"name":"isBigInt64Array","decl":{"start":{"line":24,"column":9},"end":{"line":24,"column":24}},"loc":{"start":{"line":24,"column":30},"end":{"line":26,"column":1}},"line":24},"6":{"name":"isBigUint64Array","decl":{"start":{"line":28,"column":9},"end":{"line":28,"column":25}},"loc":{"start":{"line":28,"column":31},"end":{"line":30,"column":1}},"line":28},"7":{"name":"isBlob","decl":{"start":{"line":32,"column":9},"end":{"line":32,"column":15}},"loc":{"start":{"line":32,"column":22},"end":{"line":34,"column":1}},"line":32},"8":{"name":"isBuffer","decl":{"start":{"line":36,"column":9},"end":{"line":36,"column":17}},"loc":{"start":{"line":36,"column":24},"end":{"line":38,"column":1}},"line":36},"9":{"name":"isFile","decl":{"start":{"line":40,"column":9},"end":{"line":40,"column":15}},"loc":{"start":{"line":40,"column":22},"end":{"line":42,"column":1}},"line":40},"10":{"name":"isBoolean","decl":{"start":{"line":44,"column":9},"end":{"line":44,"column":18}},"loc":{"start":{"line":44,"column":24},"end":{"line":46,"column":1}},"line":44},"11":{"name":"isSymbol","decl":{"start":{"line":48,"column":9},"end":{"line":48,"column":17}},"loc":{"start":{"line":48,"column":23},"end":{"line":50,"column":1}},"line":48},"12":{"name":"isNum","decl":{"start":{"line":52,"column":9},"end":{"line":52,"column":14}},"loc":{"start":{"line":52,"column":20},"end":{"line":54,"column":1}},"line":52},"13":{"name":"isDate","decl":{"start":{"line":56,"column":9},"end":{"line":56,"column":15}},"loc":{"start":{"line":56,"column":22},"end":{"line":58,"column":1}},"line":56},"14":{"name":"isRegExp","decl":{"start":{"line":60,"column":9},"end":{"line":60,"column":17}},"loc":{"start":{"line":60,"column":23},"end":{"line":62,"column":1}},"line":60},"15":{"name":"isUndefined","decl":{"start":{"line":64,"column":9},"end":{"line":64,"column":20}},"loc":{"start":{"line":64,"column":25},"end":{"line":66,"column":1}},"line":64},"16":{"name":"isNull","decl":{"start":{"line":68,"column":9},"end":{"line":68,"column":15}},"loc":{"start":{"line":68,"column":20},"end":{"line":70,"column":1}},"line":68},"17":{"name":"isPromise","decl":{"start":{"line":72,"column":9},"end":{"line":72,"column":18}},"loc":{"start":{"line":72,"column":24},"end":{"line":74,"column":1}},"line":72},"18":{"name":"type","decl":{"start":{"line":76,"column":9},"end":{"line":76,"column":13}},"loc":{"start":{"line":76,"column":21},"end":{"line":98,"column":1}},"line":76},"19":{"name":"isEmpty","decl":{"start":{"line":100,"column":9},"end":{"line":100,"column":16}},"loc":{"start":{"line":100,"column":24},"end":{"line":110,"column":1}},"line":100}},"branchMap":{"0":{"loc":{"start":{"line":53,"column":11},"end":{"line":53,"column":83}},"type":"binary-expr","locations":[{"start":{"line":53,"column":11},"end":{"line":53,"column":68}},{"start":{"line":53,"column":72},"end":{"line":53,"column":83}}],"line":53},"1":{"loc":{"start":{"line":77,"column":4},"end":{"line":78,"column":24}},"type":"if","locations":[{"start":{"line":77,"column":4},"end":{"line":78,"column":24}},{"start":{},"end":{}}],"line":77},"2":{"loc":{"start":{"line":79,"column":4},"end":{"line":80,"column":24}},"type":"if","locations":[{"start":{"line":79,"column":4},"end":{"line":80,"column":24}},{"start":{},"end":{}}],"line":79},"3":{"loc":{"start":{"line":81,"column":4},"end":{"line":82,"column":23}},"type":"if","locations":[{"start":{"line":81,"column":4},"end":{"line":82,"column":23}},{"start":{},"end":{}}],"line":81},"4":{"loc":{"start":{"line":83,"column":4},"end":{"line":84,"column":24}},"type":"if","locations":[{"start":{"line":83,"column":4},"end":{"line":84,"column":24}},{"start":{},"end":{}}],"line":83},"5":{"loc":{"start":{"line":85,"column":4},"end":{"line":86,"column":26}},"type":"if","locations":[{"start":{"line":85,"column":4},"end":{"line":86,"column":26}},{"start":{},"end":{}}],"line":85},"6":{"loc":{"start":{"line":87,"column":4},"end":{"line":88,"column":24}},"type":"if","locations":[{"start":{"line":87,"column":4},"end":{"line":88,"column":24}},{"start":{},"end":{}}],"line":87},"7":{"loc":{"start":{"line":89,"column":4},"end":{"line":90,"column":27}},"type":"if","locations":[{"start":{"line":89,"column":4},"end":{"line":90,"column":27}},{"start":{},"end":{}}],"line":89},"8":{"loc":{"start":{"line":91,"column":4},"end":{"line":92,"column":22}},"type":"if","locations":[{"start":{"line":91,"column":4},"end":{"line":92,"column":22}},{"start":{},"end":{}}],"line":91},"9":{"loc":{"start":{"line":93,"column":4},"end":{"line":94,"column":24}},"type":"if","locations":[{"start":{"line":93,"column":4},"end":{"line":94,"column":24}},{"start":{},"end":{}}],"line":93},"10":{"loc":{"start":{"line":95,"column":4},"end":{"line":96,"column":25}},"type":"if","locations":[{"start":{"line":95,"column":4},"end":{"line":96,"column":25}},{"start":{},"end":{}}],"line":95},"11":{"loc":{"start":{"line":101,"column":4},"end":{"line":102,"column":20}},"type":"if","locations":[{"start":{"line":101,"column":4},"end":{"line":102,"column":20}},{"start":{},"end":{}}],"line":101},"12":{"loc":{"start":{"line":101,"column":8},"end":{"line":101,"column":43}},"type":"binary-expr","locations":[{"start":{"line":101,"column":8},"end":{"line":101,"column":26}},{"start":{"line":101,"column":30},"end":{"line":101,"column":43}}],"line":101},"13":{"loc":{"start":{"line":103,"column":4},"end":{"line":104,"column":29}},"type":"if","locations":[{"start":{"line":103,"column":4},"end":{"line":104,"column":29}},{"start":{},"end":{}}],"line":103},"14":{"loc":{"start":{"line":105,"column":4},"end":{"line":106,"column":42}},"type":"if","locations":[{"start":{"line":105,"column":4},"end":{"line":106,"column":42}},{"start":{},"end":{}}],"line":105},"15":{"loc":{"start":{"line":107,"column":4},"end":{"line":108,"column":22}},"type":"if","locations":[{"start":{"line":107,"column":4},"end":{"line":108,"column":22}},{"start":{},"end":{}}],"line":107}},"s":{"0":4,"1":4,"2":0,"3":4,"4":21,"5":4,"6":28,"7":4,"8":27,"9":4,"10":0,"11":4,"12":0,"13":4,"14":0,"15":4,"16":0,"17":4,"18":0,"19":4,"20":0,"21":4,"22":0,"23":4,"24":0,"25":4,"26":5,"27":4,"28":0,"29":4,"30":0,"31":4,"32":33,"33":4,"34":33,"35":4,"36":0,"37":4,"38":0,"39":0,"40":0,"41":0,"42":0,"43":0,"44":0,"45":0,"46":0,"47":0,"48":0,"49":0,"50":0,"51":0,"52":0,"53":0,"54":0,"55":0,"56":0,"57":0,"58":0,"59":4,"60":21,"61":0,"62":21,"63":0,"64":21,"65":2,"66":19,"67":14,"68":5,"69":4},"f":{"0":0,"1":21,"2":28,"3":27,"4":0,"5":0,"6":0,"7":0,"8":0,"9":0,"10":0,"11":0,"12":5,"13":0,"14":0,"15":33,"16":33,"17":0,"18":0,"19":21},"b":{"0":[5,5],"1":[0,0],"2":[0,0],"3":[0,0],"4":[0,0],"5":[0,0],"6":[0,0],"7":[0,0],"8":[0,0],"9":[0,0],"10":[0,0],"11":[0,21],"12":[21,21],"13":[0,21],"14":[2,19],"15":[14,5]},"_coverageSchema":"1a1c01bbd47fc00a2c39e90264f33305004495a9","hash":"9b8b8bd4548d74af6456c39960c81a7e872297a0"}
,"/Users/fred/work/samtools/src/link_node/index.ts": {"path":"/Users/fred/work/samtools/src/link_node/index.ts","statementMap":{"0":{"start":{"line":2,"column":22},"end":{"line":12,"column":3}},"1":{"start":{"line":3,"column":4},"end":{"line":3,"column":33}},"2":{"start":{"line":3,"column":26},"end":{"line":3,"column":33}},"3":{"start":{"line":4,"column":15},"end":{"line":4,"column":52}},"4":{"start":{"line":5,"column":4},"end":{"line":7,"column":5}},"5":{"start":{"line":6,"column":6},"end":{"line":6,"column":68}},"6":{"start":{"line":6,"column":51},"end":{"line":6,"column":63}},"7":{"start":{"line":8,"column":4},"end":{"line":8,"column":39}},"8":{"start":{"line":10,"column":4},"end":{"line":10,"column":33}},"9":{"start":{"line":10,"column":26},"end":{"line":10,"column":33}},"10":{"start":{"line":11,"column":4},"end":{"line":11,"column":17}},"11":{"start":{"line":13,"column":19},"end":{"line":15,"column":1}},"12":{"start":{"line":14,"column":4},"end":{"line":14,"column":126}},"13":{"start":{"line":14,"column":21},"end":{"line":14,"column":126}},"14":{"start":{"line":14,"column":95},"end":{"line":14,"column":126}},"15":{"start":{"line":16,"column":22},"end":{"line":18,"column":1}},"16":{"start":{"line":17,"column":4},"end":{"line":17,"column":62}},"17":{"start":{"line":19,"column":0},"end":{"line":19,"column":62}},"18":{"start":{"line":20,"column":0},"end":{"line":20,"column":22}},"19":{"start":{"line":21,"column":13},"end":{"line":21,"column":30}},"20":{"start":{"line":22,"column":0},"end":{"line":22,"column":123}},"21":{"start":{"line":22,"column":78},"end":{"line":22,"column":117}},"22":{"start":{"line":23,"column":0},"end":{"line":23,"column":41}}},"fnMap":{"0":{"name":"(anonymous_0)","decl":{"start":{"line":2,"column":74},"end":{"line":2,"column":75}},"loc":{"start":{"line":2,"column":96},"end":{"line":9,"column":1}},"line":2},"1":{"name":"(anonymous_1)","decl":{"start":{"line":6,"column":38},"end":{"line":6,"column":39}},"loc":{"start":{"line":6,"column":49},"end":{"line":6,"column":65}},"line":6},"2":{"name":"(anonymous_2)","decl":{"start":{"line":9,"column":6},"end":{"line":9,"column":7}},"loc":{"start":{"line":9,"column":28},"end":{"line":12,"column":1}},"line":9},"3":{"name":"(anonymous_3)","decl":{"start":{"line":13,"column":50},"end":{"line":13,"column":51}},"loc":{"start":{"line":13,"column":71},"end":{"line":15,"column":1}},"line":13},"4":{"name":"(anonymous_4)","decl":{"start":{"line":16,"column":56},"end":{"line":16,"column":57}},"loc":{"start":{"line":16,"column":71},"end":{"line":18,"column":1}},"line":16},"5":{"name":"(anonymous_5)","decl":{"start":{"line":22,"column":64},"end":{"line":22,"column":65}},"loc":{"start":{"line":22,"column":76},"end":{"line":22,"column":119}},"line":22}},"branchMap":{"0":{"loc":{"start":{"line":2,"column":22},"end":{"line":12,"column":3}},"type":"binary-expr","locations":[{"start":{"line":2,"column":23},"end":{"line":2,"column":27}},{"start":{"line":2,"column":31},"end":{"line":2,"column":51}},{"start":{"line":2,"column":57},"end":{"line":12,"column":2}}],"line":2},"1":{"loc":{"start":{"line":2,"column":57},"end":{"line":12,"column":2}},"type":"cond-expr","locations":[{"start":{"line":2,"column":74},"end":{"line":9,"column":1}},{"start":{"line":9,"column":6},"end":{"line":12,"column":1}}],"line":2},"2":{"loc":{"start":{"line":3,"column":4},"end":{"line":3,"column":33}},"type":"if","locations":[{"start":{"line":3,"column":4},"end":{"line":3,"column":33}},{"start":{},"end":{}}],"line":3},"3":{"loc":{"start":{"line":5,"column":4},"end":{"line":7,"column":5}},"type":"if","locations":[{"start":{"line":5,"column":4},"end":{"line":7,"column":5}},{"start":{},"end":{}}],"line":5},"4":{"loc":{"start":{"line":5,"column":8},"end":{"line":5,"column":85}},"type":"binary-expr","locations":[{"start":{"line":5,"column":8},"end":{"line":5,"column":13}},{"start":{"line":5,"column":18},"end":{"line":5,"column":84}}],"line":5},"5":{"loc":{"start":{"line":5,"column":18},"end":{"line":5,"column":84}},"type":"cond-expr","locations":[{"start":{"line":5,"column":34},"end":{"line":5,"column":47}},{"start":{"line":5,"column":50},"end":{"line":5,"column":84}}],"line":5},"6":{"loc":{"start":{"line":5,"column":50},"end":{"line":5,"column":84}},"type":"binary-expr","locations":[{"start":{"line":5,"column":50},"end":{"line":5,"column":63}},{"start":{"line":5,"column":67},"end":{"line":5,"column":84}}],"line":5},"7":{"loc":{"start":{"line":10,"column":4},"end":{"line":10,"column":33}},"type":"if","locations":[{"start":{"line":10,"column":4},"end":{"line":10,"column":33}},{"start":{},"end":{}}],"line":10},"8":{"loc":{"start":{"line":13,"column":19},"end":{"line":15,"column":1}},"type":"binary-expr","locations":[{"start":{"line":13,"column":20},"end":{"line":13,"column":24}},{"start":{"line":13,"column":28},"end":{"line":13,"column":45}},{"start":{"line":13,"column":50},"end":{"line":15,"column":1}}],"line":13},"9":{"loc":{"start":{"line":14,"column":21},"end":{"line":14,"column":126}},"type":"if","locations":[{"start":{"line":14,"column":21},"end":{"line":14,"column":126}},{"start":{},"end":{}}],"line":14},"10":{"loc":{"start":{"line":14,"column":25},"end":{"line":14,"column":93}},"type":"binary-expr","locations":[{"start":{"line":14,"column":25},"end":{"line":14,"column":40}},{"start":{"line":14,"column":44},"end":{"line":14,"column":93}}],"line":14},"11":{"loc":{"start":{"line":16,"column":22},"end":{"line":18,"column":1}},"type":"binary-expr","locations":[{"start":{"line":16,"column":23},"end":{"line":16,"column":27}},{"start":{"line":16,"column":31},"end":{"line":16,"column":51}},{"start":{"line":16,"column":56},"end":{"line":18,"column":1}}],"line":16},"12":{"loc":{"start":{"line":17,"column":11},"end":{"line":17,"column":61}},"type":"cond-expr","locations":[{"start":{"line":17,"column":37},"end":{"line":17,"column":40}},{"start":{"line":17,"column":43},"end":{"line":17,"column":61}}],"line":17},"13":{"loc":{"start":{"line":17,"column":12},"end":{"line":17,"column":33}},"type":"binary-expr","locations":[{"start":{"line":17,"column":12},"end":{"line":17,"column":15}},{"start":{"line":17,"column":19},"end":{"line":17,"column":33}}],"line":17}},"s":{"0":1,"1":1,"2":1,"3":1,"4":1,"5":1,"6":4,"7":1,"8":0,"9":0,"10":0,"11":1,"12":1,"13":1,"14":1,"15":1,"16":1,"17":1,"18":1,"19":1,"20":1,"21":1,"22":1},"f":{"0":1,"1":4,"2":0,"3":1,"4":1,"5":1},"b":{"0":[1,1,1],"1":[1,0],"2":[1,0],"3":[1,0],"4":[1,1],"5":[0,1],"6":[1,0],"7":[0,0],"8":[1,1,1],"9":[1,0],"10":[1,1],"11":[1,1,1],"12":[1,0],"13":[1,1]},"_coverageSchema":"1a1c01bbd47fc00a2c39e90264f33305004495a9","hash":"0b19063d4252347cad8807d10afc2711debc7e44"}
,"/Users/fred/work/samtools/src/link_node/link.ts": {"path":"/Users/fred/work/samtools/src/link_node/link.ts","statementMap":{"0":{"start":{"line":2,"column":0},"end":{"line":2,"column":62}},"1":{"start":{"line":3,"column":15},"end":{"line":3,"column":32}},"2":{"start":{"line":6,"column":8},"end":{"line":6,"column":51}},"3":{"start":{"line":14,"column":21},"end":{"line":14,"column":26}},"4":{"start":{"line":15,"column":8},"end":{"line":30,"column":9}},"5":{"start":{"line":16,"column":12},"end":{"line":16,"column":34}},"6":{"start":{"line":17,"column":12},"end":{"line":17,"column":29}},"7":{"start":{"line":18,"column":12},"end":{"line":18,"column":29}},"8":{"start":{"line":21,"column":23},"end":{"line":21,"column":37}},"9":{"start":{"line":22,"column":12},"end":{"line":25,"column":13}},"10":{"start":{"line":23,"column":16},"end":{"line":23,"column":38}},"11":{"start":{"line":24,"column":16},"end":{"line":24,"column":33}},"12":{"start":{"line":26,"column":12},"end":{"line":28,"column":13}},"13":{"start":{"line":27,"column":16},"end":{"line":27,"column":33}},"14":{"start":{"line":29,"column":12},"end":{"line":29,"column":29}},"15":{"start":{"line":31,"column":8},"end":{"line":31,"column":25}},"16":{"start":{"line":41,"column":21},"end":{"line":41,"column":26}},"17":{"start":{"line":42,"column":23},"end":{"line":42,"column":32}},"18":{"start":{"line":43,"column":22},"end":{"line":43,"column":35}},"19":{"start":{"line":44,"column":21},"end":{"line":44,"column":39}},"20":{"start":{"line":45,"column":8},"end":{"line":84,"column":9}},"21":{"start":{"line":46,"column":12},"end":{"line":50,"column":13}},"22":{"start":{"line":47,"column":16},"end":{"line":47,"column":37}},"23":{"start":{"line":48,"column":16},"end":{"line":48,"column":33}},"24":{"start":{"line":49,"column":16},"end":{"line":49,"column":33}},"25":{"start":{"line":51,"column":12},"end":{"line":57,"column":13}},"26":{"start":{"line":52,"column":16},"end":{"line":52,"column":43}},"27":{"start":{"line":53,"column":16},"end":{"line":56,"column":17}},"28":{"start":{"line":54,"column":20},"end":{"line":54,"column":39}},"29":{"start":{"line":55,"column":20},"end":{"line":55,"column":43}},"30":{"start":{"line":58,"column":12},"end":{"line":61,"column":13}},"31":{"start":{"line":59,"column":16},"end":{"line":59,"column":36}},"32":{"start":{"line":60,"column":16},"end":{"line":60,"column":37}},"33":{"start":{"line":62,"column":12},"end":{"line":62,"column":29}},"34":{"start":{"line":65,"column":12},"end":{"line":69,"column":13}},"35":{"start":{"line":66,"column":16},"end":{"line":66,"column":36}},"36":{"start":{"line":67,"column":16},"end":{"line":67,"column":37}},"37":{"start":{"line":68,"column":16},"end":{"line":68,"column":33}},"38":{"start":{"line":70,"column":12},"end":{"line":76,"column":13}},"39":{"start":{"line":71,"column":16},"end":{"line":71,"column":43}},"40":{"start":{"line":72,"column":16},"end":{"line":75,"column":17}},"41":{"start":{"line":73,"column":20},"end":{"line":73,"column":39}},"42":{"start":{"line":74,"column":20},"end":{"line":74,"column":43}},"43":{"start":{"line":77,"column":12},"end":{"line":82,"column":13}},"44":{"start":{"line":78,"column":16},"end":{"line":78,"column":35}},"45":{"start":{"line":79,"column":16},"end":{"line":79,"column":39}},"46":{"start":{"line":80,"column":16},"end":{"line":80,"column":37}},"47":{"start":{"line":81,"column":16},"end":{"line":81,"column":36}},"48":{"start":{"line":83,"column":12},"end":{"line":83,"column":29}},"49":{"start":{"line":87,"column":19},"end":{"line":87,"column":28}},"50":{"start":{"line":88,"column":22},"end":{"line":88,"column":31}},"51":{"start":{"line":89,"column":21},"end":{"line":89,"column":35}},"52":{"start":{"line":90,"column":8},"end":{"line":93,"column":9}},"53":{"start":{"line":91,"column":12},"end":{"line":91,"column":39}},"54":{"start":{"line":92,"column":12},"end":{"line":92,"column":29}},"55":{"start":{"line":94,"column":8},"end":{"line":100,"column":9}},"56":{"start":{"line":95,"column":12},"end":{"line":95,"column":39}},"57":{"start":{"line":96,"column":12},"end":{"line":99,"column":13}},"58":{"start":{"line":97,"column":16},"end":{"line":97,"column":31}},"59":{"start":{"line":98,"column":16},"end":{"line":98,"column":39}},"60":{"start":{"line":101,"column":8},"end":{"line":104,"column":9}},"61":{"start":{"line":102,"column":12},"end":{"line":102,"column":35}},"62":{"start":{"line":103,"column":12},"end":{"line":103,"column":32}},"63":{"start":{"line":105,"column":8},"end":{"line":105,"column":25}},"64":{"start":{"line":108,"column":19},"end":{"line":108,"column":28}},"65":{"start":{"line":109,"column":21},"end":{"line":109,"column":26}},"66":{"start":{"line":110,"column":8},"end":{"line":115,"column":9}},"67":{"start":{"line":111,"column":12},"end":{"line":111,"column":36}},"68":{"start":{"line":112,"column":12},"end":{"line":114,"column":13}},"69":{"start":{"line":113,"column":16},"end":{"line":113,"column":33}},"70":{"start":{"line":116,"column":8},"end":{"line":118,"column":9}},"71":{"start":{"line":117,"column":12},"end":{"line":117,"column":24}},"72":{"start":{"line":119,"column":8},"end":{"line":119,"column":20}},"73":{"start":{"line":122,"column":0},"end":{"line":122,"column":23}}},"fnMap":{"0":{"name":"(anonymous_0)","decl":{"start":{"line":5,"column":4},"end":{"line":5,"column":5}},"loc":{"start":{"line":5,"column":27},"end":{"line":7,"column":5}},"line":5},"1":{"name":"(anonymous_1)","decl":{"start":{"line":13,"column":4},"end":{"line":13,"column":5}},"loc":{"start":{"line":13,"column":32},"end":{"line":32,"column":5}},"line":13},"2":{"name":"(anonymous_2)","decl":{"start":{"line":40,"column":4},"end":{"line":40,"column":5}},"loc":{"start":{"line":40,"column":40},"end":{"line":85,"column":5}},"line":40},"3":{"name":"(anonymous_3)","decl":{"start":{"line":86,"column":4},"end":{"line":86,"column":5}},"loc":{"start":{"line":86,"column":15},"end":{"line":106,"column":5}},"line":86},"4":{"name":"(anonymous_4)","decl":{"start":{"line":107,"column":4},"end":{"line":107,"column":5}},"loc":{"start":{"line":107,"column":12},"end":{"line":120,"column":5}},"line":107}},"branchMap":{"0":{"loc":{"start":{"line":13,"column":18},"end":{"line":13,"column":30}},"type":"default-arg","locations":[{"start":{"line":13,"column":25},"end":{"line":13,"column":30}}],"line":13},"1":{"loc":{"start":{"line":15,"column":8},"end":{"line":30,"column":9}},"type":"if","locations":[{"start":{"line":15,"column":8},"end":{"line":30,"column":9}},{"start":{"line":20,"column":13},"end":{"line":30,"column":9}}],"line":15},"2":{"loc":{"start":{"line":22,"column":12},"end":{"line":25,"column":13}},"type":"if","locations":[{"start":{"line":22,"column":12},"end":{"line":25,"column":13}},{"start":{},"end":{}}],"line":22},"3":{"loc":{"start":{"line":40,"column":26},"end":{"line":40,"column":38}},"type":"default-arg","locations":[{"start":{"line":40,"column":33},"end":{"line":40,"column":38}}],"line":40},"4":{"loc":{"start":{"line":45,"column":8},"end":{"line":84,"column":9}},"type":"if","locations":[{"start":{"line":45,"column":8},"end":{"line":84,"column":9}},{"start":{"line":64,"column":13},"end":{"line":84,"column":9}}],"line":45},"5":{"loc":{"start":{"line":46,"column":12},"end":{"line":50,"column":13}},"type":"if","locations":[{"start":{"line":46,"column":12},"end":{"line":50,"column":13}},{"start":{},"end":{}}],"line":46},"6":{"loc":{"start":{"line":51,"column":19},"end":{"line":51,"column":37}},"type":"binary-expr","locations":[{"start":{"line":51,"column":19},"end":{"line":51,"column":26}},{"start":{"line":51,"column":30},"end":{"line":51,"column":37}}],"line":51},"7":{"loc":{"start":{"line":53,"column":16},"end":{"line":56,"column":17}},"type":"if","locations":[{"start":{"line":53,"column":16},"end":{"line":56,"column":17}},{"start":{},"end":{}}],"line":53},"8":{"loc":{"start":{"line":58,"column":12},"end":{"line":61,"column":13}},"type":"if","locations":[{"start":{"line":58,"column":12},"end":{"line":61,"column":13}},{"start":{},"end":{}}],"line":58},"9":{"loc":{"start":{"line":58,"column":16},"end":{"line":58,"column":33}},"type":"binary-expr","locations":[{"start":{"line":58,"column":16},"end":{"line":58,"column":22}},{"start":{"line":58,"column":26},"end":{"line":58,"column":33}}],"line":58},"10":{"loc":{"start":{"line":65,"column":12},"end":{"line":69,"column":13}},"type":"if","locations":[{"start":{"line":65,"column":12},"end":{"line":69,"column":13}},{"start":{},"end":{}}],"line":65},"11":{"loc":{"start":{"line":70,"column":19},"end":{"line":70,"column":37}},"type":"binary-expr","locations":[{"start":{"line":70,"column":19},"end":{"line":70,"column":26}},{"start":{"line":70,"column":30},"end":{"line":70,"column":37}}],"line":70},"12":{"loc":{"start":{"line":72,"column":16},"end":{"line":75,"column":17}},"type":"if","locations":[{"start":{"line":72,"column":16},"end":{"line":75,"column":17}},{"start":{},"end":{}}],"line":72},"13":{"loc":{"start":{"line":77,"column":12},"end":{"line":82,"column":13}},"type":"if","locations":[{"start":{"line":77,"column":12},"end":{"line":82,"column":13}},{"start":{},"end":{}}],"line":77},"14":{"loc":{"start":{"line":77,"column":16},"end":{"line":77,"column":33}},"type":"binary-expr","locations":[{"start":{"line":77,"column":16},"end":{"line":77,"column":22}},{"start":{"line":77,"column":26},"end":{"line":77,"column":33}}],"line":77},"15":{"loc":{"start":{"line":90,"column":8},"end":{"line":93,"column":9}},"type":"if","locations":[{"start":{"line":90,"column":8},"end":{"line":93,"column":9}},{"start":{},"end":{}}],"line":90},"16":{"loc":{"start":{"line":94,"column":15},"end":{"line":94,"column":33}},"type":"binary-expr","locations":[{"start":{"line":94,"column":15},"end":{"line":94,"column":22}},{"start":{"line":94,"column":26},"end":{"line":94,"column":33}}],"line":94},"17":{"loc":{"start":{"line":96,"column":12},"end":{"line":99,"column":13}},"type":"if","locations":[{"start":{"line":96,"column":12},"end":{"line":99,"column":13}},{"start":{},"end":{}}],"line":96},"18":{"loc":{"start":{"line":101,"column":8},"end":{"line":104,"column":9}},"type":"if","locations":[{"start":{"line":101,"column":8},"end":{"line":104,"column":9}},{"start":{},"end":{}}],"line":101},"19":{"loc":{"start":{"line":101,"column":12},"end":{"line":101,"column":29}},"type":"binary-expr","locations":[{"start":{"line":101,"column":12},"end":{"line":101,"column":18}},{"start":{"line":101,"column":22},"end":{"line":101,"column":29}}],"line":101},"20":{"loc":{"start":{"line":110,"column":15},"end":{"line":110,"column":30}},"type":"binary-expr","locations":[{"start":{"line":110,"column":15},"end":{"line":110,"column":22}},{"start":{"line":110,"column":26},"end":{"line":110,"column":30}}],"line":110},"21":{"loc":{"start":{"line":112,"column":12},"end":{"line":114,"column":13}},"type":"if","locations":[{"start":{"line":112,"column":12},"end":{"line":114,"column":13}},{"start":{},"end":{}}],"line":112},"22":{"loc":{"start":{"line":116,"column":8},"end":{"line":118,"column":9}},"type":"if","locations":[{"start":{"line":116,"column":8},"end":{"line":118,"column":9}},{"start":{},"end":{}}],"line":116},"23":{"loc":{"start":{"line":116,"column":12},"end":{"line":116,"column":26}},"type":"binary-expr","locations":[{"start":{"line":116,"column":12},"end":{"line":116,"column":18}},{"start":{"line":116,"column":22},"end":{"line":116,"column":26}}],"line":116}},"s":{"0":1,"1":1,"2":1,"3":2,"4":2,"5":1,"6":1,"7":1,"8":1,"9":1,"10":1,"11":1,"12":0,"13":0,"14":0,"15":0,"16":2,"17":2,"18":2,"19":2,"20":2,"21":1,"22":0,"23":0,"24":0,"25":1,"26":1,"27":1,"28":0,"29":0,"30":1,"31":1,"32":1,"33":1,"34":1,"35":1,"36":1,"37":1,"38":0,"39":0,"40":0,"41":0,"42":0,"43":0,"44":0,"45":0,"46":0,"47":0,"48":0,"49":1,"50":1,"51":1,"52":1,"53":0,"54":0,"55":1,"56":2,"57":2,"58":1,"59":1,"60":1,"61":1,"62":1,"63":1,"64":5,"65":5,"66":5,"67":8,"68":8,"69":4,"70":5,"71":4,"72":1,"73":1},"f":{"0":1,"1":2,"2":2,"3":1,"4":5},"b":{"0":[1],"1":[1,1],"2":[1,0],"3":[1],"4":[1,1],"5":[0,1],"6":[2,1],"7":[0,1],"8":[1,0],"9":[1,1],"10":[1,0],"11":[0,0],"12":[0,0],"13":[0,0],"14":[0,0],"15":[0,1],"16":[3,2],"17":[1,1],"18":[1,0],"19":[1,1],"20":[13,9],"21":[4,4],"22":[4,1],"23":[5,4]},"_coverageSchema":"1a1c01bbd47fc00a2c39e90264f33305004495a9","hash":"b6139d7e42d886705f2eb0f1ad9fc7d18af3b7da"}
,"/Users/fred/work/samtools/src/link_node/node.ts": {"path":"/Users/fred/work/samtools/src/link_node/node.ts","statementMap":{"0":{"start":{"line":2,"column":0},"end":{"line":2,"column":62}},"1":{"start":{"line":3,"column":0},"end":{"line":3,"column":26}},"2":{"start":{"line":6,"column":8},"end":{"line":6,"column":27}},"3":{"start":{"line":7,"column":8},"end":{"line":7,"column":21}},"4":{"start":{"line":10,"column":0},"end":{"line":10,"column":28}}},"fnMap":{"0":{"name":"(anonymous_0)","decl":{"start":{"line":5,"column":4},"end":{"line":5,"column":5}},"loc":{"start":{"line":5,"column":27},"end":{"line":8,"column":5}},"line":5}},"branchMap":{},"s":{"0":1,"1":1,"2":5,"3":5,"4":1},"f":{"0":5},"b":{},"_coverageSchema":"1a1c01bbd47fc00a2c39e90264f33305004495a9","hash":"c185f3c89347eebbf8c75308ca3a269fb16ddd37"}
}
