TN:
SF:src/link_node/index.ts
FN:2,(anonymous_0)
FN:6,(anonymous_1)
FN:9,(anonymous_2)
FN:13,(anonymous_3)
FN:16,(anonymous_4)
FN:22,(anonymous_5)
FNF:6
FNH:5
FNDA:1,(anonymous_0)
FNDA:4,(anonymous_1)
FNDA:0,(anonymous_2)
FNDA:1,(anonymous_3)
FNDA:1,(anonymous_4)
FNDA:1,(anonymous_5)
DA:2,1
DA:3,1
DA:4,1
DA:5,1
DA:6,4
DA:8,1
DA:10,0
DA:11,0
DA:13,1
DA:14,1
DA:16,1
DA:17,1
DA:19,1
DA:20,1
DA:21,1
DA:22,1
DA:23,1
LF:17
LH:15
BRDA:2,0,0,1
BRDA:2,0,1,1
BRDA:2,0,2,1
BRDA:2,1,0,1
BRDA:2,1,1,0
BRDA:3,2,0,1
BRDA:3,2,1,0
BRDA:5,3,0,1
BRDA:5,3,1,0
BRDA:5,4,0,1
BRDA:5,4,1,1
BRDA:5,5,0,0
BRDA:5,5,1,1
BRDA:5,6,0,1
BRDA:5,6,1,0
BRDA:10,7,0,0
BRDA:10,7,1,0
BRDA:13,8,0,1
BRDA:13,8,1,1
BRDA:13,8,2,1
BRDA:14,9,0,1
BRDA:14,9,1,0
BRDA:14,10,0,1
BRDA:14,10,1,1
BRDA:16,11,0,1
BRDA:16,11,1,1
BRDA:16,11,2,1
BRDA:17,12,0,1
BRDA:17,12,1,0
BRDA:17,13,0,1
BRDA:17,13,1,1
BRF:31
BRH:22
end_of_record
TN:
SF:src/link_node/link.ts
FN:4,(anonymous_0)
FN:5,Link
FN:13,(anonymous_2)
FN:41,(anonymous_3)
FN:88,(anonymous_4)
FN:109,(anonymous_5)
FNF:6
FNH:6
FNDA:1,(anonymous_0)
FNDA:1,Link
FNDA:2,(anonymous_2)
FNDA:2,(anonymous_3)
FNDA:1,(anonymous_4)
FNDA:5,(anonymous_5)
DA:2,1
DA:3,1
DA:4,1
DA:6,1
DA:13,1
DA:14,2
DA:15,2
DA:16,2
DA:17,1
DA:18,1
DA:19,1
DA:22,1
DA:23,1
DA:24,1
DA:25,1
DA:27,0
DA:28,0
DA:30,0
DA:32,0
DA:41,1
DA:42,2
DA:43,2
DA:44,2
DA:45,2
DA:46,2
DA:47,2
DA:48,1
DA:49,0
DA:50,0
DA:51,0
DA:53,1
DA:54,1
DA:55,1
DA:56,0
DA:57,0
DA:60,1
DA:61,1
DA:62,1
DA:64,1
DA:67,1
DA:68,1
DA:69,1
DA:70,1
DA:72,0
DA:73,0
DA:74,0
DA:75,0
DA:76,0
DA:79,0
DA:80,0
DA:81,0
DA:82,0
DA:83,0
DA:85,0
DA:88,1
DA:89,1
DA:90,1
DA:91,1
DA:92,1
DA:93,0
DA:94,0
DA:96,1
DA:97,2
DA:98,2
DA:99,1
DA:100,1
DA:103,1
DA:104,1
DA:105,1
DA:107,1
DA:109,1
DA:110,5
DA:111,5
DA:112,5
DA:113,8
DA:114,8
DA:115,4
DA:118,5
DA:119,4
DA:121,1
DA:123,1
DA:125,1
LF:82
LH:60
BRDA:14,0,0,1
BRDA:14,0,1,1
BRDA:16,1,0,1
BRDA:16,1,1,1
BRDA:23,2,0,1
BRDA:23,2,1,0
BRDA:42,3,0,1
BRDA:42,3,1,1
BRDA:47,4,0,1
BRDA:47,4,1,1
BRDA:48,5,0,0
BRDA:48,5,1,1
BRDA:53,6,0,2
BRDA:53,6,1,1
BRDA:55,7,0,0
BRDA:55,7,1,1
BRDA:60,8,0,1
BRDA:60,8,1,0
BRDA:60,9,0,1
BRDA:60,9,1,1
BRDA:67,10,0,1
BRDA:67,10,1,0
BRDA:72,11,0,0
BRDA:72,11,1,0
BRDA:74,12,0,0
BRDA:74,12,1,0
BRDA:79,13,0,0
BRDA:79,13,1,0
BRDA:79,14,0,0
BRDA:79,14,1,0
BRDA:92,15,0,0
BRDA:92,15,1,1
BRDA:96,16,0,3
BRDA:96,16,1,2
BRDA:98,17,0,1
BRDA:98,17,1,1
BRDA:103,18,0,1
BRDA:103,18,1,0
BRDA:103,19,0,1
BRDA:103,19,1,1
BRDA:112,20,0,13
BRDA:112,20,1,9
BRDA:114,21,0,4
BRDA:114,21,1,4
BRDA:118,22,0,4
BRDA:118,22,1,1
BRDA:118,23,0,5
BRDA:118,23,1,4
BRF:48
BRH:33
end_of_record
TN:
SF:src/link_node/node.ts
FN:4,(anonymous_0)
FN:5,LinkNode
FNF:2
FNH:2
FNDA:1,(anonymous_0)
FNDA:5,LinkNode
DA:2,1
DA:3,1
DA:4,1
DA:6,5
DA:7,5
DA:9,1
DA:11,1
LF:7
LH:7
BRF:0
BRH:0
end_of_record
