TN:
SF:src/set.ts
FN:10,unrepetition
FN:12,(anonymous_1)
FN:14,(anonymous_2)
FN:15,(anonymous_3)
FN:16,(anonymous_4)
FN:30,intersection
FN:31,(anonymous_6)
FN:31,(anonymous_7)
FN:41,union
FN:51,difference
FN:54,(anonymous_10)
FN:54,(anonymous_11)
FNF:12
FNH:12
FNDA:4,unrepetition
FNDA:3,(anonymous_1)
FNDA:3,(anonymous_2)
FNDA:2,(anonymous_3)
FNDA:3,(anonymous_4)
FNDA:2,intersection
FNDA:24,(anonymous_6)
FNDA:140,(anonymous_7)
FNDA:2,union
FNDA:1,difference
FNDA:13,(anonymous_10)
FNDA:63,(anonymous_11)
DA:2,1
DA:3,1
DA:4,1
DA:11,4
DA:12,3
DA:13,1
DA:14,3
DA:15,1
DA:16,3
DA:17,2
DA:21,3
DA:23,1
DA:31,140
DA:32,2
DA:34,1
DA:42,2
DA:44,1
DA:52,1
DA:53,1
DA:54,63
DA:56,1
LF:21
LH:21
BRDA:11,0,0,1
BRDA:11,0,1,3
BRDA:13,1,0,1
BRDA:13,1,1,0
BRF:4
BRH:3
end_of_record
TN:
SF:src/type.ts
FN:4,isFunc
FN:8,isArray
FN:12,isObject
FN:16,isString
FN:20,isBigint
FN:24,isBigInt64Array
FN:28,isBigUint64Array
FN:32,isBlob
FN:36,isBuffer
FN:40,isFile
FN:44,isBoolean
FN:48,isSymbol
FN:52,isNum
FN:56,isDate
FN:60,isRegExp
FN:64,isUndefined
FN:68,isNull
FN:72,isPromise
FN:76,type
FN:100,isEmpty
FNF:20
FNH:2
FNDA:0,isFunc
FNDA:0,isArray
FNDA:3,isObject
FNDA:4,isString
FNDA:0,isBigint
FNDA:0,isBigInt64Array
FNDA:0,isBigUint64Array
FNDA:0,isBlob
FNDA:0,isBuffer
FNDA:0,isFile
FNDA:0,isBoolean
FNDA:0,isSymbol
FNDA:0,isNum
FNDA:0,isDate
FNDA:0,isRegExp
FNDA:0,isUndefined
FNDA:0,isNull
FNDA:0,isPromise
FNDA:0,type
FNDA:0,isEmpty
DA:2,1
DA:3,1
DA:5,0
DA:7,1
DA:9,0
DA:11,1
DA:13,3
DA:15,1
DA:17,4
DA:19,1
DA:21,0
DA:23,1
DA:25,0
DA:27,1
DA:29,0
DA:31,1
DA:33,0
DA:35,1
DA:37,0
DA:39,1
DA:41,0
DA:43,1
DA:45,0
DA:47,1
DA:49,0
DA:51,1
DA:53,0
DA:55,1
DA:57,0
DA:59,1
DA:61,0
DA:63,1
DA:65,0
DA:67,1
DA:69,0
DA:71,1
DA:73,0
DA:75,1
DA:77,0
DA:78,0
DA:79,0
DA:80,0
DA:81,0
DA:82,0
DA:83,0
DA:84,0
DA:85,0
DA:86,0
DA:87,0
DA:88,0
DA:89,0
DA:90,0
DA:91,0
DA:92,0
DA:93,0
DA:94,0
DA:95,0
DA:96,0
DA:97,0
DA:99,1
DA:101,0
DA:102,0
DA:103,0
DA:104,0
DA:105,0
DA:106,0
DA:107,0
DA:108,0
DA:109,0
DA:111,1
LF:70
LH:24
BRDA:77,0,0,0
BRDA:77,0,1,0
BRDA:79,1,0,0
BRDA:79,1,1,0
BRDA:81,2,0,0
BRDA:81,2,1,0
BRDA:83,3,0,0
BRDA:83,3,1,0
BRDA:85,4,0,0
BRDA:85,4,1,0
BRDA:87,5,0,0
BRDA:87,5,1,0
BRDA:89,6,0,0
BRDA:89,6,1,0
BRDA:91,7,0,0
BRDA:91,7,1,0
BRDA:93,8,0,0
BRDA:93,8,1,0
BRDA:95,9,0,0
BRDA:95,9,1,0
BRDA:101,10,0,0
BRDA:101,10,1,0
BRDA:103,11,0,0
BRDA:103,11,1,0
BRDA:105,12,0,0
BRDA:105,12,1,0
BRDA:105,13,0,0
BRDA:105,13,1,0
BRDA:107,14,0,0
BRDA:107,14,1,0
BRF:30
BRH:0
end_of_record
TN:
SF:src/link_node/index.ts
FN:2,(anonymous_0)
FN:6,(anonymous_1)
FN:9,(anonymous_2)
FN:13,(anonymous_3)
FN:16,(anonymous_4)
FN:22,(anonymous_5)
FNF:6
FNH:5
FNDA:1,(anonymous_0)
FNDA:4,(anonymous_1)
FNDA:0,(anonymous_2)
FNDA:1,(anonymous_3)
FNDA:1,(anonymous_4)
FNDA:1,(anonymous_5)
DA:2,1
DA:3,1
DA:4,1
DA:5,1
DA:6,4
DA:8,1
DA:10,0
DA:11,0
DA:13,1
DA:14,1
DA:16,1
DA:17,1
DA:19,1
DA:20,1
DA:21,1
DA:22,1
DA:23,1
LF:17
LH:15
BRDA:2,0,0,1
BRDA:2,0,1,1
BRDA:2,0,2,1
BRDA:2,1,0,1
BRDA:2,1,1,0
BRDA:3,2,0,1
BRDA:3,2,1,0
BRDA:5,3,0,1
BRDA:5,3,1,0
BRDA:5,4,0,1
BRDA:5,4,1,1
BRDA:5,5,0,0
BRDA:5,5,1,1
BRDA:5,6,0,1
BRDA:5,6,1,0
BRDA:10,7,0,0
BRDA:10,7,1,0
BRDA:13,8,0,1
BRDA:13,8,1,1
BRDA:13,8,2,1
BRDA:14,9,0,1
BRDA:14,9,1,0
BRDA:14,10,0,1
BRDA:14,10,1,1
BRDA:16,11,0,1
BRDA:16,11,1,1
BRDA:16,11,2,1
BRDA:17,12,0,1
BRDA:17,12,1,0
BRDA:17,13,0,1
BRDA:17,13,1,1
BRF:31
BRH:22
end_of_record
TN:
SF:src/link_node/link.ts
FN:5,(anonymous_0)
FN:13,(anonymous_1)
FN:40,(anonymous_2)
FN:86,(anonymous_3)
FN:107,(anonymous_4)
FNF:5
FNH:5
FNDA:1,(anonymous_0)
FNDA:2,(anonymous_1)
FNDA:2,(anonymous_2)
FNDA:1,(anonymous_3)
FNDA:5,(anonymous_4)
DA:2,1
DA:3,1
DA:6,1
DA:14,2
DA:15,2
DA:16,1
DA:17,1
DA:18,1
DA:21,1
DA:22,1
DA:23,1
DA:24,1
DA:26,0
DA:27,0
DA:29,0
DA:31,0
DA:41,2
DA:42,2
DA:43,2
DA:44,2
DA:45,2
DA:46,1
DA:47,0
DA:48,0
DA:49,0
DA:51,1
DA:52,1
DA:53,1
DA:54,0
DA:55,0
DA:58,1
DA:59,1
DA:60,1
DA:62,1
DA:65,1
DA:66,1
DA:67,1
DA:68,1
DA:70,0
DA:71,0
DA:72,0
DA:73,0
DA:74,0
DA:77,0
DA:78,0
DA:79,0
DA:80,0
DA:81,0
DA:83,0
DA:87,1
DA:88,1
DA:89,1
DA:90,1
DA:91,0
DA:92,0
DA:94,1
DA:95,2
DA:96,2
DA:97,1
DA:98,1
DA:101,1
DA:102,1
DA:103,1
DA:105,1
DA:108,5
DA:109,5
DA:110,5
DA:111,8
DA:112,8
DA:113,4
DA:116,5
DA:117,4
DA:119,1
DA:122,1
LF:74
LH:52
BRDA:13,0,0,1
BRDA:15,1,0,1
BRDA:15,1,1,1
BRDA:22,2,0,1
BRDA:22,2,1,0
BRDA:40,3,0,1
BRDA:45,4,0,1
BRDA:45,4,1,1
BRDA:46,5,0,0
BRDA:46,5,1,1
BRDA:51,6,0,2
BRDA:51,6,1,1
BRDA:53,7,0,0
BRDA:53,7,1,1
BRDA:58,8,0,1
BRDA:58,8,1,0
BRDA:58,9,0,1
BRDA:58,9,1,1
BRDA:65,10,0,1
BRDA:65,10,1,0
BRDA:70,11,0,0
BRDA:70,11,1,0
BRDA:72,12,0,0
BRDA:72,12,1,0
BRDA:77,13,0,0
BRDA:77,13,1,0
BRDA:77,14,0,0
BRDA:77,14,1,0
BRDA:90,15,0,0
BRDA:90,15,1,1
BRDA:94,16,0,3
BRDA:94,16,1,2
BRDA:96,17,0,1
BRDA:96,17,1,1
BRDA:101,18,0,1
BRDA:101,18,1,0
BRDA:101,19,0,1
BRDA:101,19,1,1
BRDA:110,20,0,13
BRDA:110,20,1,9
BRDA:112,21,0,4
BRDA:112,21,1,4
BRDA:116,22,0,4
BRDA:116,22,1,1
BRDA:116,23,0,5
BRDA:116,23,1,4
BRF:46
BRH:31
end_of_record
TN:
SF:src/link_node/node.ts
FN:5,(anonymous_0)
FNF:1
FNH:1
FNDA:5,(anonymous_0)
DA:2,1
DA:3,1
DA:6,5
DA:7,5
DA:10,1
LF:5
LH:5
BRF:0
BRH:0
end_of_record
